{"numFailedTestSuites":1,"numFailedTests":0,"numPassedTestSuites":2,"numPassedTests":39,"numPendingTestSuites":0,"numPendingTests":0,"numRuntimeErrorTestSuites":1,"numTodoTests":0,"numTotalTestSuites":3,"numTotalTests":39,"openHandles":[],"snapshot":{"added":0,"didUpdate":false,"failure":false,"filesAdded":0,"filesRemoved":0,"filesRemovedList":[],"filesUnmatched":0,"filesUpdated":0,"matched":0,"total":0,"unchecked":0,"uncheckedKeysByFile":[],"unmatched":0,"updated":0},"startTime":1753148154642,"success":false,"testResults":[{"assertionResults":[{"ancestorTitles":["Schema Validation","Prospect Schema"],"duration":7,"failing":false,"failureDetails":[],"failureMessages":[],"fullName":"Schema Validation Prospect Schema validates valid prospect data","invocations":1,"location":null,"numPassingAsserts":1,"retryReasons":[],"startAt":1753148168882,"status":"passed","title":"validates valid prospect data"},{"ancestorTitles":["Schema Validation","Prospect Schema"],"duration":4,"failing":false,"failureDetails":[],"failureMessages":[],"fullName":"Schema Validation Prospect Schema rejects invalid email format","invocations":1,"location":null,"numPassingAsserts":2,"retryReasons":[],"startAt":1753148168889,"status":"passed","title":"rejects invalid email format"},{"ancestorTitles":["Schema Validation","Prospect Schema"],"duration":1,"failing":false,"failureDetails":[],"failureMessages":[],"fullName":"Schema Validation Prospect Schema requires firstName and lastName","invocations":1,"location":null,"numPassingAsserts":3,"retryReasons":[],"startAt":1753148168893,"status":"passed","title":"requires firstName and lastName"},{"ancestorTitles":["Schema Validation","Prospect Schema"],"duration":1,"failing":false,"failureDetails":[],"failureMessages":[],"fullName":"Schema Validation Prospect Schema validates status enum values","invocations":1,"location":null,"numPassingAsserts":1,"retryReasons":[],"startAt":1753148168894,"status":"passed","title":"validates status enum values"},{"ancestorTitles":["Schema Validation","Merchant Schema"],"duration":1,"failing":false,"failureDetails":[],"failureMessages":[],"fullName":"Schema Validation Merchant Schema validates valid merchant data","invocations":1,"location":null,"numPassingAsserts":1,"retryReasons":[],"startAt":1753148168896,"status":"passed","title":"validates valid merchant data"},{"ancestorTitles":["Schema Validation","Merchant Schema"],"duration":1,"failing":false,"failureDetails":[],"failureMessages":[],"fullName":"Schema Validation Merchant Schema validates processing fee range","invocations":1,"location":null,"numPassingAsserts":1,"retryReasons":[],"startAt":1753148168897,"status":"passed","title":"validates processing fee range"},{"ancestorTitles":["Schema Validation","Merchant Schema"],"duration":0,"failing":false,"failureDetails":[],"failureMessages":[],"fullName":"Schema Validation Merchant Schema validates monthly volume as positive number","invocations":1,"location":null,"numPassingAsserts":1,"retryReasons":[],"startAt":1753148168898,"status":"passed","title":"validates monthly volume as positive number"},{"ancestorTitles":["Schema Validation","Campaign Schema"],"duration":0,"failing":false,"failureDetails":[],"failureMessages":[],"fullName":"Schema Validation Campaign Schema validates valid campaign data","invocations":1,"location":null,"numPassingAsserts":1,"retryReasons":[],"startAt":1753148168899,"status":"passed","title":"validates valid campaign data"},{"ancestorTitles":["Schema Validation","Campaign Schema"],"duration":1,"failing":false,"failureDetails":[],"failureMessages":[],"fullName":"Schema Validation Campaign Schema validates acquirer enum values","invocations":1,"location":null,"numPassingAsserts":1,"retryReasons":[],"startAt":1753148168901,"status":"passed","title":"validates acquirer enum values"},{"ancestorTitles":["Schema Validation","Campaign Schema"],"duration":1,"failing":false,"failureDetails":[],"failureMessages":[],"fullName":"Schema Validation Campaign Schema requires campaign name","invocations":1,"location":null,"numPassingAsserts":2,"retryReasons":[],"startAt":1753148168902,"status":"passed","title":"requires campaign name"},{"ancestorTitles":["Schema Validation","Email Validation"],"duration":0,"failing":false,"failureDetails":[],"failureMessages":[],"fullName":"Schema Validation Email Validation accepts email: test@example.com","invocations":1,"location":null,"numPassingAsserts":1,"retryReasons":[],"startAt":1753148168904,"status":"passed","title":"accepts email: test@example.com"},{"ancestorTitles":["Schema Validation","Email Validation"],"duration":1,"failing":false,"failureDetails":[],"failureMessages":[],"fullName":"Schema Validation Email Validation accepts email: user.name+tag@domain.co.uk","invocations":1,"location":null,"numPassingAsserts":1,"retryReasons":[],"startAt":1753148168904,"status":"passed","title":"accepts email: user.name+tag@domain.co.uk"},{"ancestorTitles":["Schema Validation","Email Validation"],"duration":1,"failing":false,"failureDetails":[],"failureMessages":[],"fullName":"Schema Validation Email Validation accepts email: test@sub.domain.com","invocations":1,"location":null,"numPassingAsserts":1,"retryReasons":[],"startAt":1753148168905,"status":"passed","title":"accepts email: test@sub.domain.com"},{"ancestorTitles":["Schema Validation","Email Validation"],"duration":0,"failing":false,"failureDetails":[],"failureMessages":[],"fullName":"Schema Validation Email Validation rejects email: invalid-email","invocations":1,"location":null,"numPassingAsserts":1,"retryReasons":[],"startAt":1753148168906,"status":"passed","title":"rejects email: invalid-email"},{"ancestorTitles":["Schema Validation","Email Validation"],"duration":0,"failing":false,"failureDetails":[],"failureMessages":[],"fullName":"Schema Validation Email Validation rejects email: @domain.com","invocations":1,"location":null,"numPassingAsserts":1,"retryReasons":[],"startAt":1753148168907,"status":"passed","title":"rejects email: @domain.com"},{"ancestorTitles":["Schema Validation","Email Validation"],"duration":1,"failing":false,"failureDetails":[],"failureMessages":[],"fullName":"Schema Validation Email Validation rejects email: test@","invocations":1,"location":null,"numPassingAsserts":1,"retryReasons":[],"startAt":1753148168907,"status":"passed","title":"rejects email: test@"},{"ancestorTitles":["Schema Validation","Email Validation"],"duration":0,"failing":false,"failureDetails":[],"failureMessages":[],"fullName":"Schema Validation Email Validation rejects email: ","invocations":1,"location":null,"numPassingAsserts":1,"retryReasons":[],"startAt":1753148168908,"status":"passed","title":"rejects email: "},{"ancestorTitles":["Schema Validation","Phone Number Validation"],"duration":0,"failing":false,"failureDetails":[],"failureMessages":[],"fullName":"Schema Validation Phone Number Validation accepts phone: 555-123-4567","invocations":1,"location":null,"numPassingAsserts":1,"retryReasons":[],"startAt":1753148168909,"status":"passed","title":"accepts phone: 555-123-4567"},{"ancestorTitles":["Schema Validation","Phone Number Validation"],"duration":0,"failing":false,"failureDetails":[],"failureMessages":[],"fullName":"Schema Validation Phone Number Validation accepts phone: (555) 123-4567","invocations":1,"location":null,"numPassingAsserts":1,"retryReasons":[],"startAt":1753148168909,"status":"passed","title":"accepts phone: (555) 123-4567"},{"ancestorTitles":["Schema Validation","Phone Number Validation"],"duration":1,"failing":false,"failureDetails":[],"failureMessages":[],"fullName":"Schema Validation Phone Number Validation accepts phone: 5551234567","invocations":1,"location":null,"numPassingAsserts":1,"retryReasons":[],"startAt":1753148168909,"status":"passed","title":"accepts phone: 5551234567"},{"ancestorTitles":["Schema Validation","Phone Number Validation"],"duration":1,"failing":false,"failureDetails":[],"failureMessages":[],"fullName":"Schema Validation Phone Number Validation accepts phone: +1 555 123 4567","invocations":1,"location":null,"numPassingAsserts":1,"retryReasons":[],"startAt":1753148168910,"status":"passed","title":"accepts phone: +1 555 123 4567"},{"ancestorTitles":["Schema Validation","Phone Number Validation"],"duration":0,"failing":false,"failureDetails":[],"failureMessages":[],"fullName":"Schema Validation Phone Number Validation rejects phone: 123","invocations":1,"location":null,"numPassingAsserts":1,"retryReasons":[],"startAt":1753148168911,"status":"passed","title":"rejects phone: 123"},{"ancestorTitles":["Schema Validation","Phone Number Validation"],"duration":1,"failing":false,"failureDetails":[],"failureMessages":[],"fullName":"Schema Validation Phone Number Validation rejects phone: not-a-phone","invocations":1,"location":null,"numPassingAsserts":1,"retryReasons":[],"startAt":1753148168911,"status":"passed","title":"rejects phone: not-a-phone"},{"ancestorTitles":["Schema Validation","Phone Number Validation"],"duration":0,"failing":false,"failureDetails":[],"failureMessages":[],"fullName":"Schema Validation Phone Number Validation accepts phone: ","invocations":1,"location":null,"numPassingAsserts":1,"retryReasons":[],"startAt":1753148168912,"status":"passed","title":"accepts phone: "}],"endTime":1753148168914,"message":"","name":"/home/runner/workspace/shared/__tests__/validation.test.ts","startTime":1753148156440,"status":"passed","summary":""},{"assertionResults":[{"ancestorTitles":["Schema Validation","Merchant Prospect Schema"],"duration":14,"failing":false,"failureDetails":[],"failureMessages":[],"fullName":"Schema Validation Merchant Prospect Schema validates valid prospect data","invocations":1,"location":null,"numPassingAsserts":1,"retryReasons":[],"startAt":1753148169380,"status":"passed","title":"validates valid prospect data"},{"ancestorTitles":["Schema Validation","Merchant Prospect Schema"],"duration":42,"failing":false,"failureDetails":[],"failureMessages":[],"fullName":"Schema Validation Merchant Prospect Schema rejects invalid email format","invocations":1,"location":null,"numPassingAsserts":1,"retryReasons":[],"startAt":1753148169395,"status":"passed","title":"rejects invalid email format"},{"ancestorTitles":["Schema Validation","Merchant Prospect Schema"],"duration":1,"failing":false,"failureDetails":[],"failureMessages":[],"fullName":"Schema Validation Merchant Prospect Schema rejects empty required fields","invocations":1,"location":null,"numPassingAsserts":1,"retryReasons":[],"startAt":1753148169437,"status":"passed","title":"rejects empty required fields"},{"ancestorTitles":["Schema Validation","Merchant Prospect Schema"],"duration":4,"failing":false,"failureDetails":[],"failureMessages":[],"fullName":"Schema Validation Merchant Prospect Schema validates status enum values","invocations":1,"location":null,"numPassingAsserts":8,"retryReasons":[],"startAt":1753148169439,"status":"passed","title":"validates status enum values"},{"ancestorTitles":["Schema Validation","Merchant Prospect Schema"],"duration":1,"failing":false,"failureDetails":[],"failureMessages":[],"fullName":"Schema Validation Merchant Prospect Schema rejects invalid status values","invocations":1,"location":null,"numPassingAsserts":1,"retryReasons":[],"startAt":1753148169443,"status":"passed","title":"rejects invalid status values"},{"ancestorTitles":["Schema Validation","Agent Schema"],"duration":0,"failing":false,"failureDetails":[],"failureMessages":[],"fullName":"Schema Validation Agent Schema validates valid agent data","invocations":1,"location":null,"numPassingAsserts":1,"retryReasons":[],"startAt":1753148169445,"status":"passed","title":"validates valid agent data"},{"ancestorTitles":["Schema Validation","Agent Schema"],"duration":1,"failing":false,"failureDetails":[],"failureMessages":[],"fullName":"Schema Validation Agent Schema rejects invalid agent email format","invocations":1,"location":null,"numPassingAsserts":1,"retryReasons":[],"startAt":1753148169446,"status":"passed","title":"rejects invalid agent email format"},{"ancestorTitles":["Schema Validation","Merchant Schema"],"duration":0,"failing":false,"failureDetails":[],"failureMessages":[],"fullName":"Schema Validation Merchant Schema validates valid merchant data","invocations":1,"location":null,"numPassingAsserts":1,"retryReasons":[],"startAt":1753148169447,"status":"passed","title":"validates valid merchant data"},{"ancestorTitles":["Schema Validation","Merchant Schema"],"duration":2,"failing":false,"failureDetails":[],"failureMessages":[],"fullName":"Schema Validation Merchant Schema validates merchant status enum","invocations":1,"location":null,"numPassingAsserts":4,"retryReasons":[],"startAt":1753148169448,"status":"passed","title":"validates merchant status enum"},{"ancestorTitles":["Schema Validation","User Schema"],"duration":3,"failing":false,"failureDetails":[],"failureMessages":[],"fullName":"Schema Validation User Schema validates valid user data","invocations":1,"location":null,"numPassingAsserts":1,"retryReasons":[],"startAt":1753148169450,"status":"passed","title":"validates valid user data"},{"ancestorTitles":["Schema Validation","User Schema"],"duration":2,"failing":false,"failureDetails":[],"failureMessages":[],"fullName":"Schema Validation User Schema validates user role enum","invocations":1,"location":null,"numPassingAsserts":5,"retryReasons":[],"startAt":1753148169453,"status":"passed","title":"validates user role enum"},{"ancestorTitles":["Schema Validation","Transaction Schema"],"duration":1,"failing":false,"failureDetails":[],"failureMessages":[],"fullName":"Schema Validation Transaction Schema validates valid transaction data","invocations":1,"location":null,"numPassingAsserts":1,"retryReasons":[],"startAt":1753148169455,"status":"passed","title":"validates valid transaction data"},{"ancestorTitles":["Schema Validation","Transaction Schema"],"duration":2,"failing":false,"failureDetails":[],"failureMessages":[],"fullName":"Schema Validation Transaction Schema validates transaction type enum","invocations":1,"location":null,"numPassingAsserts":5,"retryReasons":[],"startAt":1753148169461,"status":"passed","title":"validates transaction type enum"},{"ancestorTitles":["Schema Validation","Transaction Schema"],"duration":1,"failing":false,"failureDetails":[],"failureMessages":[],"fullName":"Schema Validation Transaction Schema validates transaction status enum","invocations":1,"location":null,"numPassingAsserts":4,"retryReasons":[],"startAt":1753148169463,"status":"passed","title":"validates transaction status enum"},{"ancestorTitles":["Schema Validation","Transaction Schema"],"duration":18,"failing":false,"failureDetails":[],"failureMessages":[],"fullName":"Schema Validation Transaction Schema accepts various transaction amounts","invocations":1,"location":null,"numPassingAsserts":3,"retryReasons":[],"startAt":1753148169464,"status":"passed","title":"accepts various transaction amounts"}],"endTime":1753148169485,"message":"","name":"/home/runner/workspace/shared/__tests__/schema.test.ts","startTime":1753148156556,"status":"passed","summary":""},{"assertionResults":[],"coverage":{},"endTime":1753148200539,"message":"  ● Test suite failed to run\n\n    \u001b[96mclient/src/__tests__/lib/utils.test.ts\u001b[0m:\u001b[93m3\u001b[0m:\u001b[93m1\u001b[0m - \u001b[91merror\u001b[0m\u001b[90m TS2593: \u001b[0mCannot find name 'describe'. Do you need to install type definitions for a test runner? Try `npm i --save-dev @types/jest` or `npm i --save-dev @types/mocha` and then add 'jest' or 'mocha' to the types field in your tsconfig.\n\n    \u001b[7m3\u001b[0m describe('Utils Module', () => {\n    \u001b[7m \u001b[0m \u001b[91m~~~~~~~~\u001b[0m\n    \u001b[96mclient/src/__tests__/lib/utils.test.ts\u001b[0m:\u001b[93m4\u001b[0m:\u001b[93m3\u001b[0m - \u001b[91merror\u001b[0m\u001b[90m TS2593: \u001b[0mCannot find name 'describe'. Do you need to install type definitions for a test runner? Try `npm i --save-dev @types/jest` or `npm i --save-dev @types/mocha` and then add 'jest' or 'mocha' to the types field in your tsconfig.\n\n    \u001b[7m4\u001b[0m   describe('cn function', () => {\n    \u001b[7m \u001b[0m \u001b[91m  ~~~~~~~~\u001b[0m\n    \u001b[96mclient/src/__tests__/lib/utils.test.ts\u001b[0m:\u001b[93m5\u001b[0m:\u001b[93m5\u001b[0m - \u001b[91merror\u001b[0m\u001b[90m TS2593: \u001b[0mCannot find name 'it'. Do you need to install type definitions for a test runner? Try `npm i --save-dev @types/jest` or `npm i --save-dev @types/mocha` and then add 'jest' or 'mocha' to the types field in your tsconfig.\n\n    \u001b[7m5\u001b[0m     it('should combine class names correctly', () => {\n    \u001b[7m \u001b[0m \u001b[91m    ~~\u001b[0m\n    \u001b[96mclient/src/__tests__/lib/utils.test.ts\u001b[0m:\u001b[93m7\u001b[0m:\u001b[93m7\u001b[0m - \u001b[91merror\u001b[0m\u001b[90m TS2304: \u001b[0mCannot find name 'expect'.\n\n    \u001b[7m7\u001b[0m       expect(result).toBe('class1 class2');\n    \u001b[7m \u001b[0m \u001b[91m      ~~~~~~\u001b[0m\n    \u001b[96mclient/src/__tests__/lib/utils.test.ts\u001b[0m:\u001b[93m10\u001b[0m:\u001b[93m5\u001b[0m - \u001b[91merror\u001b[0m\u001b[90m TS2593: \u001b[0mCannot find name 'it'. Do you need to install type definitions for a test runner? Try `npm i --save-dev @types/jest` or `npm i --save-dev @types/mocha` and then add 'jest' or 'mocha' to the types field in your tsconfig.\n\n    \u001b[7m10\u001b[0m     it('should handle conditional classes', () => {\n    \u001b[7m  \u001b[0m \u001b[91m    ~~\u001b[0m\n    \u001b[96mclient/src/__tests__/lib/utils.test.ts\u001b[0m:\u001b[93m12\u001b[0m:\u001b[93m7\u001b[0m - \u001b[91merror\u001b[0m\u001b[90m TS2304: \u001b[0mCannot find name 'expect'.\n\n    \u001b[7m12\u001b[0m       expect(result).toBe('base conditional');\n    \u001b[7m  \u001b[0m \u001b[91m      ~~~~~~\u001b[0m\n    \u001b[96mclient/src/__tests__/lib/utils.test.ts\u001b[0m:\u001b[93m15\u001b[0m:\u001b[93m5\u001b[0m - \u001b[91merror\u001b[0m\u001b[90m TS2593: \u001b[0mCannot find name 'it'. Do you need to install type definitions for a test runner? Try `npm i --save-dev @types/jest` or `npm i --save-dev @types/mocha` and then add 'jest' or 'mocha' to the types field in your tsconfig.\n\n    \u001b[7m15\u001b[0m     it('should merge Tailwind classes correctly', () => {\n    \u001b[7m  \u001b[0m \u001b[91m    ~~\u001b[0m\n    \u001b[96mclient/src/__tests__/lib/utils.test.ts\u001b[0m:\u001b[93m17\u001b[0m:\u001b[93m7\u001b[0m - \u001b[91merror\u001b[0m\u001b[90m TS2304: \u001b[0mCannot find name 'expect'.\n\n    \u001b[7m17\u001b[0m       expect(result).toBe('p-6');\n    \u001b[7m  \u001b[0m \u001b[91m      ~~~~~~\u001b[0m\n    \u001b[96mclient/src/__tests__/lib/utils.test.ts\u001b[0m:\u001b[93m20\u001b[0m:\u001b[93m5\u001b[0m - \u001b[91merror\u001b[0m\u001b[90m TS2593: \u001b[0mCannot find name 'it'. Do you need to install type definitions for a test runner? Try `npm i --save-dev @types/jest` or `npm i --save-dev @types/mocha` and then add 'jest' or 'mocha' to the types field in your tsconfig.\n\n    \u001b[7m20\u001b[0m     it('should handle undefined and null values', () => {\n    \u001b[7m  \u001b[0m \u001b[91m    ~~\u001b[0m\n    \u001b[96mclient/src/__tests__/lib/utils.test.ts\u001b[0m:\u001b[93m22\u001b[0m:\u001b[93m7\u001b[0m - \u001b[91merror\u001b[0m\u001b[90m TS2304: \u001b[0mCannot find name 'expect'.\n\n    \u001b[7m22\u001b[0m       expect(result).toBe('base valid');\n    \u001b[7m  \u001b[0m \u001b[91m      ~~~~~~\u001b[0m\n    \u001b[96mclient/src/__tests__/lib/utils.test.ts\u001b[0m:\u001b[93m25\u001b[0m:\u001b[93m5\u001b[0m - \u001b[91merror\u001b[0m\u001b[90m TS2593: \u001b[0mCannot find name 'it'. Do you need to install type definitions for a test runner? Try `npm i --save-dev @types/jest` or `npm i --save-dev @types/mocha` and then add 'jest' or 'mocha' to the types field in your tsconfig.\n\n    \u001b[7m25\u001b[0m     it('should handle empty strings', () => {\n    \u001b[7m  \u001b[0m \u001b[91m    ~~\u001b[0m\n    \u001b[96mclient/src/__tests__/lib/utils.test.ts\u001b[0m:\u001b[93m27\u001b[0m:\u001b[93m7\u001b[0m - \u001b[91merror\u001b[0m\u001b[90m TS2304: \u001b[0mCannot find name 'expect'.\n\n    \u001b[7m27\u001b[0m       expect(result).toBe('base valid');\n    \u001b[7m  \u001b[0m \u001b[91m      ~~~~~~\u001b[0m\n    \u001b[96mclient/src/__tests__/lib/utils.test.ts\u001b[0m:\u001b[93m30\u001b[0m:\u001b[93m5\u001b[0m - \u001b[91merror\u001b[0m\u001b[90m TS2593: \u001b[0mCannot find name 'it'. Do you need to install type definitions for a test runner? Try `npm i --save-dev @types/jest` or `npm i --save-dev @types/mocha` and then add 'jest' or 'mocha' to the types field in your tsconfig.\n\n    \u001b[7m30\u001b[0m     it('should handle arrays of classes', () => {\n    \u001b[7m  \u001b[0m \u001b[91m    ~~\u001b[0m\n    \u001b[96mclient/src/__tests__/lib/utils.test.ts\u001b[0m:\u001b[93m32\u001b[0m:\u001b[93m7\u001b[0m - \u001b[91merror\u001b[0m\u001b[90m TS2304: \u001b[0mCannot find name 'expect'.\n\n    \u001b[7m32\u001b[0m       expect(result).toBe('class1 class2 class3');\n    \u001b[7m  \u001b[0m \u001b[91m      ~~~~~~\u001b[0m\n    \u001b[96mclient/src/__tests__/lib/utils.test.ts\u001b[0m:\u001b[93m35\u001b[0m:\u001b[93m5\u001b[0m - \u001b[91merror\u001b[0m\u001b[90m TS2593: \u001b[0mCannot find name 'it'. Do you need to install type definitions for a test runner? Try `npm i --save-dev @types/jest` or `npm i --save-dev @types/mocha` and then add 'jest' or 'mocha' to the types field in your tsconfig.\n\n    \u001b[7m35\u001b[0m     it('should handle complex conditional logic', () => {\n    \u001b[7m  \u001b[0m \u001b[91m    ~~\u001b[0m\n    \u001b[96mclient/src/__tests__/lib/utils.test.ts\u001b[0m:\u001b[93m47\u001b[0m:\u001b[93m7\u001b[0m - \u001b[91merror\u001b[0m\u001b[90m TS2304: \u001b[0mCannot find name 'expect'.\n\n    \u001b[7m47\u001b[0m       expect(result).toBe('base-button bg-blue-500 px-6 py-3');\n    \u001b[7m  \u001b[0m \u001b[91m      ~~~~~~\u001b[0m\n    \u001b[96mclient/src/__tests__/lib/utils.test.ts\u001b[0m:\u001b[93m50\u001b[0m:\u001b[93m5\u001b[0m - \u001b[91merror\u001b[0m\u001b[90m TS2593: \u001b[0mCannot find name 'it'. Do you need to install type definitions for a test runner? Try `npm i --save-dev @types/jest` or `npm i --save-dev @types/mocha` and then add 'jest' or 'mocha' to the types field in your tsconfig.\n\n    \u001b[7m50\u001b[0m     it('should handle object-style classes', () => {\n    \u001b[7m  \u001b[0m \u001b[91m    ~~\u001b[0m\n    \u001b[96mclient/src/__tests__/lib/utils.test.ts\u001b[0m:\u001b[93m57\u001b[0m:\u001b[93m7\u001b[0m - \u001b[91merror\u001b[0m\u001b[90m TS2304: \u001b[0mCannot find name 'expect'.\n\n    \u001b[7m57\u001b[0m       expect(result).toBe('active primary');\n    \u001b[7m  \u001b[0m \u001b[91m      ~~~~~~\u001b[0m\n","name":"/home/runner/workspace/client/src/__tests__/lib/utils.test.ts","startTime":1753148200539,"status":"failed","summary":""}],"wasInterrupted":false,"coverageMap":{"/home/runner/workspace/shared/schema.ts":{"path":"/home/runner/workspace/shared/schema.ts","statementMap":{"0":{"start":{"line":1,"column":0},"end":{"line":1,"column":144}},"1":{"start":{"line":2,"column":0},"end":{"line":2,"column":49}},"2":{"start":{"line":3,"column":0},"end":{"line":3,"column":24}},"3":{"start":{"line":5,"column":13},"end":{"line":16,"column":3}},"4":{"start":{"line":18,"column":13},"end":{"line":29,"column":3}},"5":{"start":{"line":20,"column":64},"end":{"line":20,"column":76}},"6":{"start":{"line":31,"column":13},"end":{"line":48,"column":3}},"7":{"start":{"line":33,"column":64},"end":{"line":33,"column":76}},"8":{"start":{"line":50,"column":13},"end":{"line":60,"column":3}},"9":{"start":{"line":62,"column":13},"end":{"line":77,"column":3}},"10":{"start":{"line":67,"column":58},"end":{"line":67,"column":67}},"11":{"start":{"line":79,"column":13},"end":{"line":90,"column":3}},"12":{"start":{"line":93,"column":13},"end":{"line":99,"column":3}},"13":{"start":{"line":102,"column":13},"end":{"line":116,"column":3}},"14":{"start":{"line":119,"column":13},"end":{"line":135,"column":4}},"15":{"start":{"line":121,"column":51},"end":{"line":121,"column":61}},"16":{"start":{"line":132,"column":15},"end":{"line":135,"column":2}},"17":{"start":{"line":137,"column":13},"end":{"line":140,"column":3}},"18":{"start":{"line":142,"column":13},"end":{"line":145,"column":3}},"19":{"start":{"line":147,"column":13},"end":{"line":150,"column":3}},"20":{"start":{"line":152,"column":13},"end":{"line":155,"column":3}},"21":{"start":{"line":157,"column":13},"end":{"line":160,"column":3}},"22":{"start":{"line":162,"column":13},"end":{"line":166,"column":3}},"23":{"start":{"line":205,"column":13},"end":{"line":227,"column":3}},"24":{"start":{"line":230,"column":13},"end":{"line":239,"column":3}},"25":{"start":{"line":242,"column":13},"end":{"line":250,"column":3}},"26":{"start":{"line":244,"column":56},"end":{"line":244,"column":64}},"27":{"start":{"line":253,"column":13},"end":{"line":261,"column":2}},"28":{"start":{"line":260,"column":13},"end":{"line":260,"column":59}},"29":{"start":{"line":264,"column":13},"end":{"line":275,"column":3}},"30":{"start":{"line":272,"column":20},"end":{"line":272,"column":58}},"31":{"start":{"line":278,"column":13},"end":{"line":283,"column":3}},"32":{"start":{"line":286,"column":13},"end":{"line":288,"column":3}},"33":{"start":{"line":291,"column":13},"end":{"line":298,"column":3}},"34":{"start":{"line":295,"column":20},"end":{"line":295,"column":58}},"35":{"start":{"line":301,"column":13},"end":{"line":304,"column":3}},"36":{"start":{"line":306,"column":13},"end":{"line":309,"column":3}},"37":{"start":{"line":323,"column":13},"end":{"line":333,"column":3}},"38":{"start":{"line":335,"column":13},"end":{"line":335,"column":96}},"39":{"start":{"line":341,"column":13},"end":{"line":352,"column":3}},"40":{"start":{"line":343,"column":64},"end":{"line":343,"column":84}},"41":{"start":{"line":355,"column":13},"end":{"line":363,"column":3}},"42":{"start":{"line":357,"column":64},"end":{"line":357,"column":84}},"43":{"start":{"line":358,"column":58},"end":{"line":358,"column":75}},"44":{"start":{"line":365,"column":13},"end":{"line":365,"column":76}},"45":{"start":{"line":367,"column":13},"end":{"line":367,"column":84}},"46":{"start":{"line":375,"column":13},"end":{"line":380,"column":3}},"47":{"start":{"line":382,"column":13},"end":{"line":385,"column":3}},"48":{"start":{"line":393,"column":13},"end":{"line":407,"column":3}},"49":{"start":{"line":400,"column":61},"end":{"line":400,"column":69}},"50":{"start":{"line":409,"column":13},"end":{"line":422,"column":3}},"51":{"start":{"line":411,"column":56},"end":{"line":411,"column":67}},"52":{"start":{"line":424,"column":13},"end":{"line":435,"column":3}},"53":{"start":{"line":426,"column":56},"end":{"line":426,"column":67}},"54":{"start":{"line":427,"column":53},"end":{"line":427,"column":61}},"55":{"start":{"line":438,"column":13},"end":{"line":442,"column":3}},"56":{"start":{"line":444,"column":13},"end":{"line":447,"column":3}},"57":{"start":{"line":449,"column":13},"end":{"line":453,"column":3}},"58":{"start":{"line":468,"column":13},"end":{"line":477,"column":3}},"59":{"start":{"line":484,"column":13},"end":{"line":499,"column":3}},"60":{"start":{"line":486,"column":67},"end":{"line":486,"column":88}},"61":{"start":{"line":487,"column":54},"end":{"line":487,"column":74}},"62":{"start":{"line":501,"column":13},"end":{"line":505,"column":3}},"63":{"start":{"line":518,"column":13},"end":{"line":527,"column":3}},"64":{"start":{"line":530,"column":13},"end":{"line":542,"column":4}},"65":{"start":{"line":532,"column":65},"end":{"line":532,"column":77}},"66":{"start":{"line":540,"column":15},"end":{"line":542,"column":2}},"67":{"start":{"line":545,"column":13},"end":{"line":561,"column":4}},"68":{"start":{"line":547,"column":65},"end":{"line":547,"column":77}},"69":{"start":{"line":548,"column":64},"end":{"line":548,"column":80}},"70":{"start":{"line":559,"column":15},"end":{"line":561,"column":2}},"71":{"start":{"line":564,"column":13},"end":{"line":572,"column":3}},"72":{"start":{"line":575,"column":13},"end":{"line":584,"column":4}},"73":{"start":{"line":577,"column":71},"end":{"line":577,"column":86}},"74":{"start":{"line":578,"column":63},"end":{"line":578,"column":74}},"75":{"start":{"line":582,"column":15},"end":{"line":584,"column":2}},"76":{"start":{"line":587,"column":13},"end":{"line":600,"column":3}},"77":{"start":{"line":603,"column":13},"end":{"line":612,"column":4}},"78":{"start":{"line":605,"column":64},"end":{"line":605,"column":76}},"79":{"start":{"line":606,"column":75},"end":{"line":606,"column":92}},"80":{"start":{"line":610,"column":15},"end":{"line":612,"column":2}},"81":{"start":{"line":615,"column":13},"end":{"line":628,"column":3}},"82":{"start":{"line":619,"column":61},"end":{"line":619,"column":76}},"83":{"start":{"line":625,"column":52},"end":{"line":625,"column":60}},"84":{"start":{"line":631,"column":13},"end":{"line":641,"column":4}},"85":{"start":{"line":633,"column":64},"end":{"line":633,"column":76}},"86":{"start":{"line":634,"column":63},"end":{"line":634,"column":74}},"87":{"start":{"line":639,"column":15},"end":{"line":641,"column":2}},"88":{"start":{"line":644,"column":13},"end":{"line":652,"column":3}},"89":{"start":{"line":646,"column":64},"end":{"line":646,"column":76}},"90":{"start":{"line":647,"column":54},"end":{"line":647,"column":74}},"91":{"start":{"line":649,"column":54},"end":{"line":649,"column":62}},"92":{"start":{"line":655,"column":13},"end":{"line":659,"column":3}},"93":{"start":{"line":661,"column":13},"end":{"line":665,"column":3}},"94":{"start":{"line":667,"column":13},"end":{"line":671,"column":3}},"95":{"start":{"line":673,"column":13},"end":{"line":677,"column":3}},"96":{"start":{"line":679,"column":13},"end":{"line":682,"column":3}},"97":{"start":{"line":684,"column":13},"end":{"line":688,"column":3}},"98":{"start":{"line":690,"column":13},"end":{"line":694,"column":3}},"99":{"start":{"line":696,"column":13},"end":{"line":699,"column":3}},"100":{"start":{"line":701,"column":13},"end":{"line":705,"column":3}},"101":{"start":{"line":707,"column":13},"end":{"line":710,"column":3}},"102":{"start":{"line":766,"column":13},"end":{"line":813,"column":4}},"103":{"start":{"line":805,"column":15},"end":{"line":813,"column":2}},"104":{"start":{"line":816,"column":13},"end":{"line":848,"column":4}},"105":{"start":{"line":818,"column":55},"end":{"line":818,"column":67}},"106":{"start":{"line":843,"column":15},"end":{"line":848,"column":2}},"107":{"start":{"line":851,"column":13},"end":{"line":876,"column":4}},"108":{"start":{"line":853,"column":55},"end":{"line":853,"column":67}},"109":{"start":{"line":870,"column":15},"end":{"line":876,"column":2}},"110":{"start":{"line":879,"column":13},"end":{"line":879,"column":66}},"111":{"start":{"line":880,"column":13},"end":{"line":880,"column":76}},"112":{"start":{"line":881,"column":13},"end":{"line":881,"column":76}},"113":{"start":{"line":900,"column":13},"end":{"line":912,"column":3}},"114":{"start":{"line":914,"column":13},"end":{"line":934,"column":4}},"115":{"start":{"line":916,"column":54},"end":{"line":916,"column":71}},"116":{"start":{"line":929,"column":15},"end":{"line":934,"column":2}},"117":{"start":{"line":936,"column":13},"end":{"line":946,"column":3}},"118":{"start":{"line":940,"column":54},"end":{"line":940,"column":71}},"119":{"start":{"line":949,"column":13},"end":{"line":949,"column":76}},"120":{"start":{"line":950,"column":13},"end":{"line":950,"column":75}},"121":{"start":{"line":951,"column":13},"end":{"line":951,"column":74}}},"fnMap":{"0":{"name":"(anonymous_0)","decl":{"start":{"line":20,"column":58},"end":{"line":20,"column":61}},"loc":{"start":{"line":20,"column":64},"end":{"line":20,"column":76}}},"1":{"name":"(anonymous_1)","decl":{"start":{"line":33,"column":58},"end":{"line":33,"column":61}},"loc":{"start":{"line":33,"column":64},"end":{"line":33,"column":76}}},"2":{"name":"(anonymous_2)","decl":{"start":{"line":67,"column":52},"end":{"line":67,"column":55}},"loc":{"start":{"line":67,"column":58},"end":{"line":67,"column":67}}},"3":{"name":"(anonymous_3)","decl":{"start":{"line":121,"column":45},"end":{"line":121,"column":48}},"loc":{"start":{"line":121,"column":51},"end":{"line":121,"column":61}}},"4":{"name":"(anonymous_4)","decl":{"start":{"line":132,"column":3},"end":{"line":132,"column":4}},"loc":{"start":{"line":132,"column":15},"end":{"line":135,"column":2}}},"5":{"name":"(anonymous_5)","decl":{"start":{"line":244,"column":50},"end":{"line":244,"column":53}},"loc":{"start":{"line":244,"column":56},"end":{"line":244,"column":64}}},"6":{"name":"(anonymous_6)","decl":{"start":{"line":260,"column":2},"end":{"line":260,"column":3}},"loc":{"start":{"line":260,"column":13},"end":{"line":260,"column":59}}},"7":{"name":"(anonymous_7)","decl":{"start":{"line":272,"column":10},"end":{"line":272,"column":11}},"loc":{"start":{"line":272,"column":20},"end":{"line":272,"column":58}}},"8":{"name":"(anonymous_8)","decl":{"start":{"line":295,"column":10},"end":{"line":295,"column":11}},"loc":{"start":{"line":295,"column":20},"end":{"line":295,"column":58}}},"9":{"name":"(anonymous_9)","decl":{"start":{"line":343,"column":58},"end":{"line":343,"column":61}},"loc":{"start":{"line":343,"column":64},"end":{"line":343,"column":84}}},"10":{"name":"(anonymous_10)","decl":{"start":{"line":357,"column":58},"end":{"line":357,"column":61}},"loc":{"start":{"line":357,"column":64},"end":{"line":357,"column":84}}},"11":{"name":"(anonymous_11)","decl":{"start":{"line":358,"column":52},"end":{"line":358,"column":55}},"loc":{"start":{"line":358,"column":58},"end":{"line":358,"column":75}}},"12":{"name":"(anonymous_12)","decl":{"start":{"line":400,"column":55},"end":{"line":400,"column":58}},"loc":{"start":{"line":400,"column":61},"end":{"line":400,"column":69}}},"13":{"name":"(anonymous_13)","decl":{"start":{"line":411,"column":50},"end":{"line":411,"column":53}},"loc":{"start":{"line":411,"column":56},"end":{"line":411,"column":67}}},"14":{"name":"(anonymous_14)","decl":{"start":{"line":426,"column":50},"end":{"line":426,"column":53}},"loc":{"start":{"line":426,"column":56},"end":{"line":426,"column":67}}},"15":{"name":"(anonymous_15)","decl":{"start":{"line":427,"column":47},"end":{"line":427,"column":50}},"loc":{"start":{"line":427,"column":53},"end":{"line":427,"column":61}}},"16":{"name":"(anonymous_16)","decl":{"start":{"line":486,"column":61},"end":{"line":486,"column":64}},"loc":{"start":{"line":486,"column":67},"end":{"line":486,"column":88}}},"17":{"name":"(anonymous_17)","decl":{"start":{"line":487,"column":48},"end":{"line":487,"column":51}},"loc":{"start":{"line":487,"column":54},"end":{"line":487,"column":74}}},"18":{"name":"(anonymous_18)","decl":{"start":{"line":532,"column":59},"end":{"line":532,"column":62}},"loc":{"start":{"line":532,"column":65},"end":{"line":532,"column":77}}},"19":{"name":"(anonymous_19)","decl":{"start":{"line":540,"column":3},"end":{"line":540,"column":4}},"loc":{"start":{"line":540,"column":15},"end":{"line":542,"column":2}}},"20":{"name":"(anonymous_20)","decl":{"start":{"line":547,"column":59},"end":{"line":547,"column":62}},"loc":{"start":{"line":547,"column":65},"end":{"line":547,"column":77}}},"21":{"name":"(anonymous_21)","decl":{"start":{"line":548,"column":58},"end":{"line":548,"column":61}},"loc":{"start":{"line":548,"column":64},"end":{"line":548,"column":80}}},"22":{"name":"(anonymous_22)","decl":{"start":{"line":559,"column":3},"end":{"line":559,"column":4}},"loc":{"start":{"line":559,"column":15},"end":{"line":561,"column":2}}},"23":{"name":"(anonymous_23)","decl":{"start":{"line":577,"column":65},"end":{"line":577,"column":68}},"loc":{"start":{"line":577,"column":71},"end":{"line":577,"column":86}}},"24":{"name":"(anonymous_24)","decl":{"start":{"line":578,"column":57},"end":{"line":578,"column":60}},"loc":{"start":{"line":578,"column":63},"end":{"line":578,"column":74}}},"25":{"name":"(anonymous_25)","decl":{"start":{"line":582,"column":3},"end":{"line":582,"column":4}},"loc":{"start":{"line":582,"column":15},"end":{"line":584,"column":2}}},"26":{"name":"(anonymous_26)","decl":{"start":{"line":605,"column":58},"end":{"line":605,"column":61}},"loc":{"start":{"line":605,"column":64},"end":{"line":605,"column":76}}},"27":{"name":"(anonymous_27)","decl":{"start":{"line":606,"column":69},"end":{"line":606,"column":72}},"loc":{"start":{"line":606,"column":75},"end":{"line":606,"column":92}}},"28":{"name":"(anonymous_28)","decl":{"start":{"line":610,"column":3},"end":{"line":610,"column":4}},"loc":{"start":{"line":610,"column":15},"end":{"line":612,"column":2}}},"29":{"name":"(anonymous_29)","decl":{"start":{"line":619,"column":55},"end":{"line":619,"column":58}},"loc":{"start":{"line":619,"column":61},"end":{"line":619,"column":76}}},"30":{"name":"(anonymous_30)","decl":{"start":{"line":625,"column":46},"end":{"line":625,"column":49}},"loc":{"start":{"line":625,"column":52},"end":{"line":625,"column":60}}},"31":{"name":"(anonymous_31)","decl":{"start":{"line":633,"column":58},"end":{"line":633,"column":61}},"loc":{"start":{"line":633,"column":64},"end":{"line":633,"column":76}}},"32":{"name":"(anonymous_32)","decl":{"start":{"line":634,"column":57},"end":{"line":634,"column":60}},"loc":{"start":{"line":634,"column":63},"end":{"line":634,"column":74}}},"33":{"name":"(anonymous_33)","decl":{"start":{"line":639,"column":3},"end":{"line":639,"column":4}},"loc":{"start":{"line":639,"column":15},"end":{"line":641,"column":2}}},"34":{"name":"(anonymous_34)","decl":{"start":{"line":646,"column":58},"end":{"line":646,"column":61}},"loc":{"start":{"line":646,"column":64},"end":{"line":646,"column":76}}},"35":{"name":"(anonymous_35)","decl":{"start":{"line":647,"column":48},"end":{"line":647,"column":51}},"loc":{"start":{"line":647,"column":54},"end":{"line":647,"column":74}}},"36":{"name":"(anonymous_36)","decl":{"start":{"line":649,"column":48},"end":{"line":649,"column":51}},"loc":{"start":{"line":649,"column":54},"end":{"line":649,"column":62}}},"37":{"name":"(anonymous_37)","decl":{"start":{"line":805,"column":3},"end":{"line":805,"column":4}},"loc":{"start":{"line":805,"column":15},"end":{"line":813,"column":2}}},"38":{"name":"(anonymous_38)","decl":{"start":{"line":818,"column":49},"end":{"line":818,"column":52}},"loc":{"start":{"line":818,"column":55},"end":{"line":818,"column":67}}},"39":{"name":"(anonymous_39)","decl":{"start":{"line":843,"column":3},"end":{"line":843,"column":4}},"loc":{"start":{"line":843,"column":15},"end":{"line":848,"column":2}}},"40":{"name":"(anonymous_40)","decl":{"start":{"line":853,"column":49},"end":{"line":853,"column":52}},"loc":{"start":{"line":853,"column":55},"end":{"line":853,"column":67}}},"41":{"name":"(anonymous_41)","decl":{"start":{"line":870,"column":3},"end":{"line":870,"column":4}},"loc":{"start":{"line":870,"column":15},"end":{"line":876,"column":2}}},"42":{"name":"(anonymous_42)","decl":{"start":{"line":916,"column":48},"end":{"line":916,"column":51}},"loc":{"start":{"line":916,"column":54},"end":{"line":916,"column":71}}},"43":{"name":"(anonymous_43)","decl":{"start":{"line":929,"column":3},"end":{"line":929,"column":4}},"loc":{"start":{"line":929,"column":15},"end":{"line":934,"column":2}}},"44":{"name":"(anonymous_44)","decl":{"start":{"line":940,"column":48},"end":{"line":940,"column":51}},"loc":{"start":{"line":940,"column":54},"end":{"line":940,"column":71}}}},"branchMap":{},"s":{"0":2,"1":2,"2":2,"3":2,"4":2,"5":0,"6":2,"7":0,"8":2,"9":2,"10":0,"11":2,"12":2,"13":2,"14":2,"15":0,"16":0,"17":2,"18":2,"19":2,"20":2,"21":2,"22":2,"23":2,"24":2,"25":2,"26":0,"27":2,"28":0,"29":2,"30":0,"31":2,"32":2,"33":2,"34":0,"35":2,"36":2,"37":2,"38":2,"39":2,"40":0,"41":2,"42":0,"43":0,"44":2,"45":2,"46":2,"47":2,"48":2,"49":0,"50":2,"51":0,"52":2,"53":0,"54":0,"55":2,"56":2,"57":2,"58":2,"59":2,"60":0,"61":0,"62":2,"63":2,"64":2,"65":0,"66":0,"67":2,"68":0,"69":0,"70":0,"71":2,"72":2,"73":0,"74":0,"75":0,"76":2,"77":2,"78":0,"79":0,"80":0,"81":2,"82":0,"83":0,"84":2,"85":0,"86":0,"87":0,"88":2,"89":0,"90":0,"91":0,"92":2,"93":2,"94":2,"95":2,"96":2,"97":2,"98":2,"99":2,"100":2,"101":2,"102":2,"103":0,"104":2,"105":0,"106":0,"107":2,"108":0,"109":0,"110":2,"111":2,"112":2,"113":2,"114":2,"115":0,"116":0,"117":2,"118":0,"119":2,"120":2,"121":2},"f":{"0":0,"1":0,"2":0,"3":0,"4":0,"5":0,"6":0,"7":0,"8":0,"9":0,"10":0,"11":0,"12":0,"13":0,"14":0,"15":0,"16":0,"17":0,"18":0,"19":0,"20":0,"21":0,"22":0,"23":0,"24":0,"25":0,"26":0,"27":0,"28":0,"29":0,"30":0,"31":0,"32":0,"33":0,"34":0,"35":0,"36":0,"37":0,"38":0,"39":0,"40":0,"41":0,"42":0,"43":0,"44":0},"b":{}},"/home/runner/workspace/server/auditService.ts":{"path":"/home/runner/workspace/server/auditService.ts","statementMap":{"0":{"start":{"line":21,"column":10},"end":{"line":21,"column":41}},"1":{"start":{"line":41,"column":4},"end":{"line":83,"column":5}},"2":{"start":{"line":42,"column":41},"end":{"line":72,"column":8}},"3":{"start":{"line":74,"column":23},"end":{"line":74,"column":100}},"4":{"start":{"line":77,"column":6},"end":{"line":77,"column":87}},"5":{"start":{"line":79,"column":6},"end":{"line":79,"column":23}},"6":{"start":{"line":81,"column":6},"end":{"line":81,"column":57}},"7":{"start":{"line":82,"column":6},"end":{"line":82,"column":18}},"8":{"start":{"line":90,"column":4},"end":{"line":123,"column":null}},"9":{"start":{"line":104,"column":4},"end":{"line":122,"column":5}},"10":{"start":{"line":105,"column":51},"end":{"line":117,"column":8}},"11":{"start":{"line":119,"column":6},"end":{"line":119,"column":62}},"12":{"start":{"line":121,"column":6},"end":{"line":121,"column":57}},"13":{"start":{"line":140,"column":4},"end":{"line":155,"column":5}},"14":{"start":{"line":141,"column":49},"end":{"line":150,"column":8}},"15":{"start":{"line":152,"column":6},"end":{"line":152,"column":60}},"16":{"start":{"line":154,"column":6},"end":{"line":154,"column":63}},"17":{"start":{"line":162,"column":4},"end":{"line":166,"column":6}},"18":{"start":{"line":162,"column":82},"end":{"line":166,"column":6}},"19":{"start":{"line":165,"column":6},"end":{"line":165,"column":13}},"20":{"start":{"line":173,"column":17},"end":{"line":173,"column":34}},"21":{"start":{"line":174,"column":21},"end":{"line":174,"column":52}},"22":{"start":{"line":177,"column":17},"end":{"line":177,"column":37}},"23":{"start":{"line":178,"column":19},"end":{"line":178,"column":28}},"24":{"start":{"line":181,"column":4},"end":{"line":195,"column":5}},"25":{"start":{"line":183,"column":8},"end":{"line":183,"column":24}},"26":{"start":{"line":184,"column":8},"end":{"line":184,"column":14}},"27":{"start":{"line":186,"column":8},"end":{"line":186,"column":26}},"28":{"start":{"line":187,"column":8},"end":{"line":187,"column":14}},"29":{"start":{"line":190,"column":8},"end":{"line":190,"column":26}},"30":{"start":{"line":191,"column":8},"end":{"line":191,"column":14}},"31":{"start":{"line":193,"column":8},"end":{"line":193,"column":26}},"32":{"start":{"line":194,"column":8},"end":{"line":194,"column":14}},"33":{"start":{"line":198,"column":4},"end":{"line":215,"column":5}},"34":{"start":{"line":199,"column":23},"end":{"line":199,"column":46}},"35":{"start":{"line":200,"column":6},"end":{"line":214,"column":7}},"36":{"start":{"line":201,"column":8},"end":{"line":201,"column":42}},"37":{"start":{"line":204,"column":8},"end":{"line":208,"column":9}},"38":{"start":{"line":205,"column":10},"end":{"line":205,"column":67}},"39":{"start":{"line":205,"column":50},"end":{"line":205,"column":67}},"40":{"start":{"line":206,"column":10},"end":{"line":206,"column":69}},"41":{"start":{"line":206,"column":51},"end":{"line":206,"column":69}},"42":{"start":{"line":207,"column":10},"end":{"line":207,"column":38}},"43":{"start":{"line":210,"column":8},"end":{"line":213,"column":9}},"44":{"start":{"line":211,"column":10},"end":{"line":211,"column":55}},"45":{"start":{"line":212,"column":10},"end":{"line":212,"column":37}},"46":{"start":{"line":217,"column":4},"end":{"line":217,"column":32}},"47":{"start":{"line":225,"column":4},"end":{"line":225,"column":68}},"48":{"start":{"line":225,"column":50},"end":{"line":225,"column":68}},"49":{"start":{"line":226,"column":4},"end":{"line":226,"column":77}},"50":{"start":{"line":226,"column":63},"end":{"line":226,"column":77}},"51":{"start":{"line":227,"column":4},"end":{"line":227,"column":67}},"52":{"start":{"line":227,"column":53},"end":{"line":227,"column":67}},"53":{"start":{"line":230,"column":4},"end":{"line":230,"column":43}},"54":{"start":{"line":230,"column":29},"end":{"line":230,"column":43}},"55":{"start":{"line":231,"column":4},"end":{"line":231,"column":69}},"56":{"start":{"line":231,"column":55},"end":{"line":231,"column":69}},"57":{"start":{"line":232,"column":4},"end":{"line":232,"column":73}},"58":{"start":{"line":232,"column":57},"end":{"line":232,"column":73}},"59":{"start":{"line":235,"column":4},"end":{"line":235,"column":85}},"60":{"start":{"line":235,"column":69},"end":{"line":235,"column":85}},"61":{"start":{"line":237,"column":4},"end":{"line":237,"column":17}},"62":{"start":{"line":244,"column":4},"end":{"line":244,"column":82}},"63":{"start":{"line":244,"column":62},"end":{"line":244,"column":82}},"64":{"start":{"line":245,"column":4},"end":{"line":245,"column":55}},"65":{"start":{"line":245,"column":33},"end":{"line":245,"column":55}},"66":{"start":{"line":246,"column":4},"end":{"line":246,"column":88}},"67":{"start":{"line":246,"column":66},"end":{"line":246,"column":88}},"68":{"start":{"line":247,"column":4},"end":{"line":247,"column":49}},"69":{"start":{"line":247,"column":31},"end":{"line":247,"column":49}},"70":{"start":{"line":248,"column":4},"end":{"line":248,"column":20}},"71":{"start":{"line":262,"column":4},"end":{"line":267,"column":5}},"72":{"start":{"line":263,"column":6},"end":{"line":266,"column":9}},"73":{"start":{"line":270,"column":4},"end":{"line":275,"column":5}},"74":{"start":{"line":271,"column":6},"end":{"line":274,"column":9}},"75":{"start":{"line":278,"column":4},"end":{"line":283,"column":5}},"76":{"start":{"line":279,"column":6},"end":{"line":282,"column":9}},"77":{"start":{"line":286,"column":4},"end":{"line":291,"column":5}},"78":{"start":{"line":287,"column":6},"end":{"line":290,"column":9}},"79":{"start":{"line":298,"column":4},"end":{"line":298,"column":27}},"80":{"start":{"line":298,"column":15},"end":{"line":298,"column":27}},"81":{"start":{"line":300,"column":28},"end":{"line":300,"column":88}},"82":{"start":{"line":301,"column":19},"end":{"line":301,"column":33}},"83":{"start":{"line":303,"column":27},"end":{"line":320,"column":5}},"84":{"start":{"line":304,"column":6},"end":{"line":304,"column":62}},"85":{"start":{"line":304,"column":51},"end":{"line":304,"column":62}},"86":{"start":{"line":306,"column":21},"end":{"line":306,"column":49}},"87":{"start":{"line":308,"column":6},"end":{"line":317,"column":7}},"88":{"start":{"line":309,"column":25},"end":{"line":309,"column":42}},"89":{"start":{"line":310,"column":8},"end":{"line":316,"column":9}},"90":{"start":{"line":310,"column":42},"end":{"line":310,"column":66}},"91":{"start":{"line":311,"column":11},"end":{"line":311,"column":46}},"92":{"start":{"line":312,"column":15},"end":{"line":316,"column":9}},"93":{"start":{"line":313,"column":11},"end":{"line":313,"column":55}},"94":{"start":{"line":315,"column":11},"end":{"line":315,"column":39}},"95":{"start":{"line":319,"column":6},"end":{"line":319,"column":20}},"96":{"start":{"line":322,"column":4},"end":{"line":322,"column":37}},"97":{"start":{"line":329,"column":4},"end":{"line":335,"column":6}},"98":{"start":{"line":339,"column":28},"end":{"line":339,"column":46}}},"fnMap":{"0":{"name":"(anonymous_7)","decl":{"start":{"line":20,"column":0},"end":{"line":20,"column":6}},"loc":{"start":{"line":20,"column":0},"end":{"line":337,"column":1}}},"1":{"name":"(anonymous_8)","decl":{"start":{"line":26,"column":8},"end":{"line":26,"column":17}},"loc":{"start":{"line":39,"column":5},"end":{"line":84,"column":null}}},"2":{"name":"(anonymous_10)","decl":{"start":{"line":89,"column":8},"end":{"line":89,"column":21}},"loc":{"start":{"line":89,"column":21},"end":{"line":123,"column":null}}},"3":{"name":"(anonymous_11)","decl":{"start":{"line":90,"column":4},"end":{"line":90,"column":18}},"loc":{"start":{"line":102,"column":10},"end":{"line":123,"column":3}}},"4":{"name":"(anonymous_12)","decl":{"start":{"line":128,"column":8},"end":{"line":128,"column":27}},"loc":{"start":{"line":138,"column":5},"end":{"line":156,"column":null}}},"5":{"name":"(anonymous_14)","decl":{"start":{"line":161,"column":2},"end":{"line":161,"column":17}},"loc":{"start":{"line":161,"column":17},"end":{"line":167,"column":3}}},"6":{"name":"(anonymous_15)","decl":{"start":{"line":162,"column":11},"end":{"line":162,"column":18}},"loc":{"start":{"line":162,"column":82},"end":{"line":166,"column":6}}},"7":{"name":"(anonymous_16)","decl":{"start":{"line":162,"column":82},"end":{"line":162,"column":null}},"loc":{"start":{"line":162,"column":82},"end":{"line":166,"column":5}}},"8":{"name":"(anonymous_17)","decl":{"start":{"line":172,"column":10},"end":{"line":172,"column":23}},"loc":{"start":{"line":172,"column":51},"end":{"line":218,"column":3}}},"9":{"name":"(anonymous_18)","decl":{"start":{"line":223,"column":10},"end":{"line":223,"column":28}},"loc":{"start":{"line":223,"column":76},"end":{"line":238,"column":3}}},"10":{"name":"(anonymous_19)","decl":{"start":{"line":243,"column":10},"end":{"line":243,"column":26}},"loc":{"start":{"line":243,"column":38},"end":{"line":249,"column":3}}},"11":{"name":"(anonymous_20)","decl":{"start":{"line":254,"column":16},"end":{"line":254,"column":38}},"loc":{"start":{"line":259,"column":17},"end":{"line":292,"column":null}}},"12":{"name":"(anonymous_22)","decl":{"start":{"line":297,"column":10},"end":{"line":297,"column":29}},"loc":{"start":{"line":297,"column":39},"end":{"line":323,"column":3}}},"13":{"name":"(anonymous_23)","decl":{"start":{"line":303,"column":27},"end":{"line":303,"column":28}},"loc":{"start":{"line":303,"column":45},"end":{"line":320,"column":5}}},"14":{"name":"(anonymous_24)","decl":{"start":{"line":310,"column":33},"end":{"line":310,"column":38}},"loc":{"start":{"line":310,"column":42},"end":{"line":310,"column":66}}},"15":{"name":"(anonymous_25)","decl":{"start":{"line":328,"column":10},"end":{"line":328,"column":21}},"loc":{"start":{"line":328,"column":34},"end":{"line":336,"column":3}}}},"branchMap":{"0":{"loc":{"start":{"line":43,"column":16},"end":{"line":43,"column":38}},"type":"binary-expr","locations":[{"start":{"line":43,"column":16},"end":{"line":43,"column":30}},{"start":{"line":43,"column":34},"end":{"line":43,"column":38}}]},"1":{"loc":{"start":{"line":44,"column":19},"end":{"line":44,"column":44}},"type":"binary-expr","locations":[{"start":{"line":44,"column":19},"end":{"line":44,"column":36}},{"start":{"line":44,"column":40},"end":{"line":44,"column":44}}]},"2":{"loc":{"start":{"line":45,"column":19},"end":{"line":45,"column":44}},"type":"binary-expr","locations":[{"start":{"line":45,"column":19},"end":{"line":45,"column":36}},{"start":{"line":45,"column":40},"end":{"line":45,"column":44}}]},"3":{"loc":{"start":{"line":46,"column":19},"end":{"line":46,"column":49}},"type":"binary-expr","locations":[{"start":{"line":46,"column":19},"end":{"line":46,"column":36}},{"start":{"line":46,"column":40},"end":{"line":46,"column":49}}]},"4":{"loc":{"start":{"line":47,"column":19},"end":{"line":47,"column":44}},"type":"binary-expr","locations":[{"start":{"line":47,"column":19},"end":{"line":47,"column":36}},{"start":{"line":47,"column":40},"end":{"line":47,"column":44}}]},"5":{"loc":{"start":{"line":51,"column":20},"end":{"line":51,"column":47}},"type":"binary-expr","locations":[{"start":{"line":51,"column":20},"end":{"line":51,"column":39}},{"start":{"line":51,"column":43},"end":{"line":51,"column":47}}]},"6":{"loc":{"start":{"line":51,"column":20},"end":{"line":51,"column":39}},"type":"cond-expr","locations":[{"start":{"line":51,"column":27},"end":{"line":51,"column":29}},{"start":{"line":51,"column":20},"end":{"line":51,"column":39}}]},"7":{"loc":{"start":{"line":51,"column":20},"end":{"line":51,"column":29}},"type":"binary-expr","locations":[{"start":{"line":51,"column":20},"end":{"line":51,"column":29}},{"start":{"line":51,"column":20},"end":{"line":51,"column":29}}]},"8":{"loc":{"start":{"line":53,"column":16},"end":{"line":53,"column":38}},"type":"binary-expr","locations":[{"start":{"line":53,"column":16},"end":{"line":53,"column":30}},{"start":{"line":53,"column":34},"end":{"line":53,"column":38}}]},"9":{"loc":{"start":{"line":54,"column":18},"end":{"line":54,"column":42}},"type":"binary-expr","locations":[{"start":{"line":54,"column":18},"end":{"line":54,"column":34}},{"start":{"line":54,"column":38},"end":{"line":54,"column":42}}]},"10":{"loc":{"start":{"line":55,"column":23},"end":{"line":55,"column":52}},"type":"binary-expr","locations":[{"start":{"line":55,"column":23},"end":{"line":55,"column":44}},{"start":{"line":55,"column":48},"end":{"line":55,"column":52}}]},"11":{"loc":{"start":{"line":58,"column":20},"end":{"line":58,"column":46}},"type":"binary-expr","locations":[{"start":{"line":58,"column":20},"end":{"line":58,"column":38}},{"start":{"line":58,"column":42},"end":{"line":58,"column":46}}]},"12":{"loc":{"start":{"line":59,"column":22},"end":{"line":59,"column":50}},"type":"binary-expr","locations":[{"start":{"line":59,"column":22},"end":{"line":59,"column":42}},{"start":{"line":59,"column":46},"end":{"line":59,"column":50}}]},"13":{"loc":{"start":{"line":61,"column":19},"end":{"line":61,"column":45}},"type":"binary-expr","locations":[{"start":{"line":61,"column":19},"end":{"line":61,"column":37}},{"start":{"line":61,"column":41},"end":{"line":61,"column":45}}]},"14":{"loc":{"start":{"line":61,"column":19},"end":{"line":61,"column":37}},"type":"cond-expr","locations":[{"start":{"line":61,"column":26},"end":{"line":61,"column":28}},{"start":{"line":61,"column":19},"end":{"line":61,"column":37}}]},"15":{"loc":{"start":{"line":61,"column":19},"end":{"line":61,"column":28}},"type":"binary-expr","locations":[{"start":{"line":61,"column":19},"end":{"line":61,"column":28}},{"start":{"line":61,"column":19},"end":{"line":61,"column":28}}]},"16":{"loc":{"start":{"line":62,"column":19},"end":{"line":62,"column":45}},"type":"binary-expr","locations":[{"start":{"line":62,"column":19},"end":{"line":62,"column":37}},{"start":{"line":62,"column":41},"end":{"line":62,"column":45}}]},"17":{"loc":{"start":{"line":62,"column":19},"end":{"line":62,"column":37}},"type":"cond-expr","locations":[{"start":{"line":62,"column":26},"end":{"line":62,"column":28}},{"start":{"line":62,"column":19},"end":{"line":62,"column":37}}]},"18":{"loc":{"start":{"line":62,"column":19},"end":{"line":62,"column":28}},"type":"binary-expr","locations":[{"start":{"line":62,"column":19},"end":{"line":62,"column":28}},{"start":{"line":62,"column":19},"end":{"line":62,"column":28}}]},"19":{"loc":{"start":{"line":64,"column":19},"end":{"line":64,"column":46}},"type":"binary-expr","locations":[{"start":{"line":64,"column":19},"end":{"line":64,"column":37}},{"start":{"line":64,"column":41},"end":{"line":64,"column":46}}]},"20":{"loc":{"start":{"line":64,"column":19},"end":{"line":64,"column":37}},"type":"cond-expr","locations":[{"start":{"line":64,"column":26},"end":{"line":64,"column":28}},{"start":{"line":64,"column":19},"end":{"line":64,"column":37}}]},"21":{"loc":{"start":{"line":64,"column":19},"end":{"line":64,"column":28}},"type":"binary-expr","locations":[{"start":{"line":64,"column":19},"end":{"line":64,"column":28}},{"start":{"line":64,"column":19},"end":{"line":64,"column":28}}]},"22":{"loc":{"start":{"line":65,"column":25},"end":{"line":65,"column":57}},"type":"binary-expr","locations":[{"start":{"line":65,"column":25},"end":{"line":65,"column":49}},{"start":{"line":65,"column":53},"end":{"line":65,"column":57}}]},"23":{"loc":{"start":{"line":65,"column":25},"end":{"line":65,"column":49}},"type":"cond-expr","locations":[{"start":{"line":65,"column":32},"end":{"line":65,"column":34}},{"start":{"line":65,"column":25},"end":{"line":65,"column":49}}]},"24":{"loc":{"start":{"line":65,"column":25},"end":{"line":65,"column":34}},"type":"binary-expr","locations":[{"start":{"line":65,"column":25},"end":{"line":65,"column":34}},{"start":{"line":65,"column":25},"end":{"line":65,"column":34}}]},"25":{"loc":{"start":{"line":66,"column":28},"end":{"line":66,"column":63}},"type":"binary-expr","locations":[{"start":{"line":66,"column":28},"end":{"line":66,"column":55}},{"start":{"line":66,"column":59},"end":{"line":66,"column":63}}]},"26":{"loc":{"start":{"line":66,"column":28},"end":{"line":66,"column":55}},"type":"cond-expr","locations":[{"start":{"line":66,"column":35},"end":{"line":66,"column":37}},{"start":{"line":66,"column":28},"end":{"line":66,"column":55}}]},"27":{"loc":{"start":{"line":66,"column":28},"end":{"line":66,"column":37}},"type":"binary-expr","locations":[{"start":{"line":66,"column":28},"end":{"line":66,"column":37}},{"start":{"line":66,"column":28},"end":{"line":66,"column":37}}]},"28":{"loc":{"start":{"line":68,"column":21},"end":{"line":68,"column":56}},"type":"binary-expr","locations":[{"start":{"line":68,"column":21},"end":{"line":68,"column":40}},{"start":{"line":68,"column":44},"end":{"line":68,"column":56}}]},"29":{"loc":{"start":{"line":69,"column":28},"end":{"line":69,"column":64}},"type":"binary-expr","locations":[{"start":{"line":69,"column":28},"end":{"line":69,"column":51}},{"start":{"line":69,"column":55},"end":{"line":69,"column":64}}]},"30":{"loc":{"start":{"line":70,"column":14},"end":{"line":70,"column":35}},"type":"binary-expr","locations":[{"start":{"line":70,"column":14},"end":{"line":70,"column":27}},{"start":{"line":70,"column":31},"end":{"line":70,"column":35}}]},"31":{"loc":{"start":{"line":70,"column":14},"end":{"line":70,"column":27}},"type":"cond-expr","locations":[{"start":{"line":70,"column":21},"end":{"line":70,"column":23}},{"start":{"line":70,"column":14},"end":{"line":70,"column":27}}]},"32":{"loc":{"start":{"line":70,"column":14},"end":{"line":70,"column":23}},"type":"binary-expr","locations":[{"start":{"line":70,"column":14},"end":{"line":70,"column":23}},{"start":{"line":70,"column":14},"end":{"line":70,"column":23}}]},"33":{"loc":{"start":{"line":71,"column":15},"end":{"line":71,"column":37}},"type":"binary-expr","locations":[{"start":{"line":71,"column":15},"end":{"line":71,"column":29}},{"start":{"line":71,"column":33},"end":{"line":71,"column":37}}]},"34":{"loc":{"start":{"line":71,"column":15},"end":{"line":71,"column":29}},"type":"cond-expr","locations":[{"start":{"line":71,"column":22},"end":{"line":71,"column":24}},{"start":{"line":71,"column":15},"end":{"line":71,"column":29}}]},"35":{"loc":{"start":{"line":71,"column":15},"end":{"line":71,"column":24}},"type":"binary-expr","locations":[{"start":{"line":71,"column":15},"end":{"line":71,"column":24}},{"start":{"line":71,"column":15},"end":{"line":71,"column":24}}]},"36":{"loc":{"start":{"line":94,"column":4},"end":{"line":102,"column":10}},"type":"default-arg","locations":[{"start":{"line":102,"column":8},"end":{"line":102,"column":10}}]},"37":{"loc":{"start":{"line":106,"column":20},"end":{"line":106,"column":46}},"type":"binary-expr","locations":[{"start":{"line":106,"column":20},"end":{"line":106,"column":38}},{"start":{"line":106,"column":42},"end":{"line":106,"column":46}}]},"38":{"loc":{"start":{"line":110,"column":18},"end":{"line":110,"column":42}},"type":"binary-expr","locations":[{"start":{"line":110,"column":18},"end":{"line":110,"column":34}},{"start":{"line":110,"column":38},"end":{"line":110,"column":42}}]},"39":{"loc":{"start":{"line":111,"column":23},"end":{"line":111,"column":52}},"type":"binary-expr","locations":[{"start":{"line":111,"column":23},"end":{"line":111,"column":44}},{"start":{"line":111,"column":48},"end":{"line":111,"column":52}}]},"40":{"loc":{"start":{"line":113,"column":22},"end":{"line":113,"column":50}},"type":"binary-expr","locations":[{"start":{"line":113,"column":22},"end":{"line":113,"column":42}},{"start":{"line":113,"column":46},"end":{"line":113,"column":50}}]},"41":{"loc":{"start":{"line":114,"column":20},"end":{"line":114,"column":46}},"type":"binary-expr","locations":[{"start":{"line":114,"column":20},"end":{"line":114,"column":38}},{"start":{"line":114,"column":42},"end":{"line":114,"column":46}}]},"42":{"loc":{"start":{"line":115,"column":21},"end":{"line":115,"column":48}},"type":"binary-expr","locations":[{"start":{"line":115,"column":21},"end":{"line":115,"column":40}},{"start":{"line":115,"column":44},"end":{"line":115,"column":48}}]},"43":{"loc":{"start":{"line":116,"column":25},"end":{"line":116,"column":56}},"type":"binary-expr","locations":[{"start":{"line":116,"column":25},"end":{"line":116,"column":48}},{"start":{"line":116,"column":52},"end":{"line":116,"column":56}}]},"44":{"loc":{"start":{"line":145,"column":25},"end":{"line":145,"column":64}},"type":"binary-expr","locations":[{"start":{"line":145,"column":25},"end":{"line":145,"column":49}},{"start":{"line":145,"column":53},"end":{"line":145,"column":64}}]},"45":{"loc":{"start":{"line":145,"column":25},"end":{"line":145,"column":49}},"type":"cond-expr","locations":[{"start":{"line":145,"column":32},"end":{"line":145,"column":34}},{"start":{"line":145,"column":25},"end":{"line":145,"column":49}}]},"46":{"loc":{"start":{"line":145,"column":25},"end":{"line":145,"column":34}},"type":"binary-expr","locations":[{"start":{"line":145,"column":25},"end":{"line":145,"column":34}},{"start":{"line":145,"column":25},"end":{"line":145,"column":34}}]},"47":{"loc":{"start":{"line":146,"column":20},"end":{"line":146,"column":51}},"type":"binary-expr","locations":[{"start":{"line":146,"column":20},"end":{"line":146,"column":39}},{"start":{"line":146,"column":43},"end":{"line":146,"column":51}}]},"48":{"loc":{"start":{"line":146,"column":20},"end":{"line":146,"column":39}},"type":"cond-expr","locations":[{"start":{"line":146,"column":27},"end":{"line":146,"column":29}},{"start":{"line":146,"column":20},"end":{"line":146,"column":39}}]},"49":{"loc":{"start":{"line":146,"column":20},"end":{"line":146,"column":29}},"type":"binary-expr","locations":[{"start":{"line":146,"column":20},"end":{"line":146,"column":29}},{"start":{"line":146,"column":20},"end":{"line":146,"column":29}}]},"50":{"loc":{"start":{"line":147,"column":23},"end":{"line":147,"column":53}},"type":"binary-expr","locations":[{"start":{"line":147,"column":23},"end":{"line":147,"column":45}},{"start":{"line":147,"column":49},"end":{"line":147,"column":53}}]},"51":{"loc":{"start":{"line":147,"column":23},"end":{"line":147,"column":45}},"type":"cond-expr","locations":[{"start":{"line":147,"column":30},"end":{"line":147,"column":32}},{"start":{"line":147,"column":23},"end":{"line":147,"column":45}}]},"52":{"loc":{"start":{"line":147,"column":23},"end":{"line":147,"column":32}},"type":"binary-expr","locations":[{"start":{"line":147,"column":23},"end":{"line":147,"column":32}},{"start":{"line":147,"column":23},"end":{"line":147,"column":32}}]},"53":{"loc":{"start":{"line":148,"column":27},"end":{"line":148,"column":61}},"type":"binary-expr","locations":[{"start":{"line":148,"column":27},"end":{"line":148,"column":53}},{"start":{"line":148,"column":57},"end":{"line":148,"column":61}}]},"54":{"loc":{"start":{"line":148,"column":27},"end":{"line":148,"column":53}},"type":"cond-expr","locations":[{"start":{"line":148,"column":34},"end":{"line":148,"column":36}},{"start":{"line":148,"column":27},"end":{"line":148,"column":53}}]},"55":{"loc":{"start":{"line":148,"column":27},"end":{"line":148,"column":36}},"type":"binary-expr","locations":[{"start":{"line":148,"column":27},"end":{"line":148,"column":36}},{"start":{"line":148,"column":27},"end":{"line":148,"column":36}}]},"56":{"loc":{"start":{"line":149,"column":28},"end":{"line":149,"column":50}},"type":"binary-expr","locations":[{"start":{"line":149,"column":28},"end":{"line":149,"column":42}},{"start":{"line":149,"column":46},"end":{"line":149,"column":50}}]},"57":{"loc":{"start":{"line":149,"column":28},"end":{"line":149,"column":42}},"type":"cond-expr","locations":[{"start":{"line":149,"column":35},"end":{"line":149,"column":37}},{"start":{"line":149,"column":28},"end":{"line":149,"column":42}}]},"58":{"loc":{"start":{"line":149,"column":28},"end":{"line":149,"column":37}},"type":"binary-expr","locations":[{"start":{"line":149,"column":28},"end":{"line":149,"column":37}},{"start":{"line":149,"column":28},"end":{"line":149,"column":37}}]},"59":{"loc":{"start":{"line":181,"column":4},"end":{"line":195,"column":5}},"type":"switch","locations":[{"start":{"line":182,"column":6},"end":{"line":184,"column":14}},{"start":{"line":185,"column":6},"end":{"line":187,"column":14}},{"start":{"line":188,"column":6},"end":{"line":188,"column":17}},{"start":{"line":189,"column":6},"end":{"line":191,"column":14}},{"start":{"line":192,"column":6},"end":{"line":194,"column":14}}]},"60":{"loc":{"start":{"line":198,"column":4},"end":{"line":215,"column":5}},"type":"if","locations":[{"start":{"line":198,"column":4},"end":{"line":215,"column":5}},{"start":{},"end":{}}]},"61":{"loc":{"start":{"line":200,"column":6},"end":{"line":214,"column":7}},"type":"if","locations":[{"start":{"line":200,"column":6},"end":{"line":214,"column":7}},{"start":{},"end":{}}]},"62":{"loc":{"start":{"line":204,"column":8},"end":{"line":208,"column":9}},"type":"if","locations":[{"start":{"line":204,"column":8},"end":{"line":208,"column":9}},{"start":{},"end":{}}]},"63":{"loc":{"start":{"line":205,"column":10},"end":{"line":205,"column":67}},"type":"if","locations":[{"start":{"line":205,"column":10},"end":{"line":205,"column":67}},{"start":{},"end":{}}]},"64":{"loc":{"start":{"line":206,"column":10},"end":{"line":206,"column":69}},"type":"if","locations":[{"start":{"line":206,"column":10},"end":{"line":206,"column":69}},{"start":{},"end":{}}]},"65":{"loc":{"start":{"line":210,"column":8},"end":{"line":213,"column":9}},"type":"if","locations":[{"start":{"line":210,"column":8},"end":{"line":213,"column":9}},{"start":{},"end":{}}]},"66":{"loc":{"start":{"line":211,"column":21},"end":{"line":211,"column":54}},"type":"binary-expr","locations":[{"start":{"line":211,"column":21},"end":{"line":211,"column":43}},{"start":{"line":211,"column":47},"end":{"line":211,"column":54}}]},"67":{"loc":{"start":{"line":225,"column":4},"end":{"line":225,"column":68}},"type":"if","locations":[{"start":{"line":225,"column":4},"end":{"line":225,"column":68}},{"start":{},"end":{}}]},"68":{"loc":{"start":{"line":225,"column":8},"end":{"line":225,"column":48}},"type":"binary-expr","locations":[{"start":{"line":225,"column":8},"end":{"line":225,"column":26}},{"start":{"line":225,"column":30},"end":{"line":225,"column":48}}]},"69":{"loc":{"start":{"line":226,"column":4},"end":{"line":226,"column":77}},"type":"if","locations":[{"start":{"line":226,"column":4},"end":{"line":226,"column":77}},{"start":{},"end":{}}]},"70":{"loc":{"start":{"line":226,"column":8},"end":{"line":226,"column":61}},"type":"binary-expr","locations":[{"start":{"line":226,"column":8},"end":{"line":226,"column":31}},{"start":{"line":226,"column":35},"end":{"line":226,"column":61}}]},"71":{"loc":{"start":{"line":227,"column":4},"end":{"line":227,"column":67}},"type":"if","locations":[{"start":{"line":227,"column":4},"end":{"line":227,"column":67}},{"start":{},"end":{}}]},"72":{"loc":{"start":{"line":227,"column":8},"end":{"line":227,"column":51}},"type":"binary-expr","locations":[{"start":{"line":227,"column":8},"end":{"line":227,"column":30}},{"start":{"line":227,"column":34},"end":{"line":227,"column":51}}]},"73":{"loc":{"start":{"line":230,"column":4},"end":{"line":230,"column":43}},"type":"if","locations":[{"start":{"line":230,"column":4},"end":{"line":230,"column":43}},{"start":{},"end":{}}]},"74":{"loc":{"start":{"line":231,"column":4},"end":{"line":231,"column":69}},"type":"if","locations":[{"start":{"line":231,"column":4},"end":{"line":231,"column":69}},{"start":{},"end":{}}]},"75":{"loc":{"start":{"line":232,"column":4},"end":{"line":232,"column":73}},"type":"if","locations":[{"start":{"line":232,"column":4},"end":{"line":232,"column":73}},{"start":{},"end":{}}]},"76":{"loc":{"start":{"line":232,"column":8},"end":{"line":232,"column":55}},"type":"binary-expr","locations":[{"start":{"line":232,"column":8},"end":{"line":232,"column":34}},{"start":{"line":232,"column":38},"end":{"line":232,"column":55}}]},"77":{"loc":{"start":{"line":235,"column":4},"end":{"line":235,"column":85}},"type":"if","locations":[{"start":{"line":235,"column":4},"end":{"line":235,"column":85}},{"start":{},"end":{}}]},"78":{"loc":{"start":{"line":235,"column":8},"end":{"line":235,"column":67}},"type":"binary-expr","locations":[{"start":{"line":235,"column":8},"end":{"line":235,"column":25}},{"start":{"line":235,"column":29},"end":{"line":235,"column":45}},{"start":{"line":235,"column":49},"end":{"line":235,"column":67}}]},"79":{"loc":{"start":{"line":244,"column":4},"end":{"line":244,"column":82}},"type":"if","locations":[{"start":{"line":244,"column":4},"end":{"line":244,"column":82}},{"start":{},"end":{}}]},"80":{"loc":{"start":{"line":244,"column":8},"end":{"line":244,"column":60}},"type":"binary-expr","locations":[{"start":{"line":244,"column":8},"end":{"line":244,"column":30}},{"start":{"line":244,"column":34},"end":{"line":244,"column":60}}]},"81":{"loc":{"start":{"line":245,"column":4},"end":{"line":245,"column":55}},"type":"if","locations":[{"start":{"line":245,"column":4},"end":{"line":245,"column":55}},{"start":{},"end":{}}]},"82":{"loc":{"start":{"line":246,"column":4},"end":{"line":246,"column":88}},"type":"if","locations":[{"start":{"line":246,"column":4},"end":{"line":246,"column":88}},{"start":{},"end":{}}]},"83":{"loc":{"start":{"line":246,"column":8},"end":{"line":246,"column":64}},"type":"binary-expr","locations":[{"start":{"line":246,"column":8},"end":{"line":246,"column":34}},{"start":{"line":246,"column":38},"end":{"line":246,"column":64}}]},"84":{"loc":{"start":{"line":247,"column":4},"end":{"line":247,"column":49}},"type":"if","locations":[{"start":{"line":247,"column":4},"end":{"line":247,"column":49}},{"start":{},"end":{}}]},"85":{"loc":{"start":{"line":262,"column":4},"end":{"line":267,"column":5}},"type":"if","locations":[{"start":{"line":262,"column":4},"end":{"line":267,"column":5}},{"start":{},"end":{}}]},"86":{"loc":{"start":{"line":262,"column":8},"end":{"line":262,"column":56}},"type":"binary-expr","locations":[{"start":{"line":262,"column":8},"end":{"line":262,"column":26}},{"start":{"line":262,"column":30},"end":{"line":262,"column":56}}]},"87":{"loc":{"start":{"line":270,"column":4},"end":{"line":275,"column":5}},"type":"if","locations":[{"start":{"line":270,"column":4},"end":{"line":275,"column":5}},{"start":{},"end":{}}]},"88":{"loc":{"start":{"line":270,"column":8},"end":{"line":270,"column":68}},"type":"binary-expr","locations":[{"start":{"line":270,"column":8},"end":{"line":270,"column":35}},{"start":{"line":270,"column":39},"end":{"line":270,"column":68}}]},"89":{"loc":{"start":{"line":278,"column":4},"end":{"line":283,"column":5}},"type":"if","locations":[{"start":{"line":278,"column":4},"end":{"line":283,"column":5}},{"start":{},"end":{}}]},"90":{"loc":{"start":{"line":278,"column":8},"end":{"line":278,"column":74}},"type":"binary-expr","locations":[{"start":{"line":278,"column":8},"end":{"line":278,"column":41}},{"start":{"line":278,"column":45},"end":{"line":278,"column":74}}]},"91":{"loc":{"start":{"line":278,"column":8},"end":{"line":278,"column":26}},"type":"cond-expr","locations":[{"start":{"line":278,"column":15},"end":{"line":278,"column":17}},{"start":{"line":278,"column":8},"end":{"line":278,"column":26}}]},"92":{"loc":{"start":{"line":278,"column":8},"end":{"line":278,"column":17}},"type":"binary-expr","locations":[{"start":{"line":278,"column":8},"end":{"line":278,"column":17}},{"start":{"line":278,"column":8},"end":{"line":278,"column":17}}]},"93":{"loc":{"start":{"line":278,"column":45},"end":{"line":278,"column":63}},"type":"cond-expr","locations":[{"start":{"line":278,"column":52},"end":{"line":278,"column":54}},{"start":{"line":278,"column":45},"end":{"line":278,"column":63}}]},"94":{"loc":{"start":{"line":278,"column":45},"end":{"line":278,"column":54}},"type":"binary-expr","locations":[{"start":{"line":278,"column":45},"end":{"line":278,"column":54}},{"start":{"line":278,"column":45},"end":{"line":278,"column":54}}]},"95":{"loc":{"start":{"line":286,"column":4},"end":{"line":291,"column":5}},"type":"if","locations":[{"start":{"line":286,"column":4},"end":{"line":291,"column":5}},{"start":{},"end":{}}]},"96":{"loc":{"start":{"line":286,"column":8},"end":{"line":286,"column":57}},"type":"binary-expr","locations":[{"start":{"line":286,"column":8},"end":{"line":286,"column":27}},{"start":{"line":286,"column":31},"end":{"line":286,"column":57}}]},"97":{"loc":{"start":{"line":298,"column":4},"end":{"line":298,"column":27}},"type":"if","locations":[{"start":{"line":298,"column":4},"end":{"line":298,"column":27}},{"start":{},"end":{}}]},"98":{"loc":{"start":{"line":304,"column":6},"end":{"line":304,"column":62}},"type":"if","locations":[{"start":{"line":304,"column":6},"end":{"line":304,"column":62}},{"start":{},"end":{}}]},"99":{"loc":{"start":{"line":304,"column":10},"end":{"line":304,"column":49}},"type":"binary-expr","locations":[{"start":{"line":304,"column":10},"end":{"line":304,"column":33}},{"start":{"line":304,"column":37},"end":{"line":304,"column":49}}]},"100":{"loc":{"start":{"line":306,"column":21},"end":{"line":306,"column":49}},"type":"cond-expr","locations":[{"start":{"line":306,"column":42},"end":{"line":306,"column":44}},{"start":{"line":306,"column":47},"end":{"line":306,"column":49}}]},"101":{"loc":{"start":{"line":310,"column":8},"end":{"line":316,"column":9}},"type":"if","locations":[{"start":{"line":310,"column":8},"end":{"line":316,"column":9}},{"start":{"line":312,"column":15},"end":{"line":316,"column":9}}]},"102":{"loc":{"start":{"line":312,"column":15},"end":{"line":316,"column":9}},"type":"if","locations":[{"start":{"line":312,"column":15},"end":{"line":316,"column":9}},{"start":{"line":314,"column":15},"end":{"line":316,"column":9}}]},"103":{"loc":{"start":{"line":312,"column":19},"end":{"line":312,"column":62}},"type":"binary-expr","locations":[{"start":{"line":312,"column":19},"end":{"line":312,"column":44}},{"start":{"line":312,"column":48},"end":{"line":312,"column":62}}]},"104":{"loc":{"start":{"line":330,"column":6},"end":{"line":334,"column":15}},"type":"binary-expr","locations":[{"start":{"line":330,"column":6},"end":{"line":330,"column":63}},{"start":{"line":331,"column":6},"end":{"line":331,"column":44}},{"start":{"line":332,"column":6},"end":{"line":332,"column":40}},{"start":{"line":333,"column":6},"end":{"line":333,"column":12}},{"start":{"line":334,"column":6},"end":{"line":334,"column":15}}]},"105":{"loc":{"start":{"line":330,"column":6},"end":{"line":330,"column":63}},"type":"cond-expr","locations":[{"start":{"line":330,"column":48},"end":{"line":330,"column":50}},{"start":{"line":330,"column":48},"end":{"line":330,"column":63}}]},"106":{"loc":{"start":{"line":330,"column":6},"end":{"line":330,"column":50}},"type":"binary-expr","locations":[{"start":{"line":330,"column":6},"end":{"line":330,"column":50}},{"start":{"line":330,"column":48},"end":{"line":330,"column":50}}]},"107":{"loc":{"start":{"line":331,"column":6},"end":{"line":331,"column":44}},"type":"cond-expr","locations":[{"start":{"line":331,"column":29},"end":{"line":331,"column":31}},{"start":{"line":331,"column":29},"end":{"line":331,"column":44}}]},"108":{"loc":{"start":{"line":331,"column":6},"end":{"line":331,"column":31}},"type":"binary-expr","locations":[{"start":{"line":331,"column":6},"end":{"line":331,"column":31}},{"start":{"line":331,"column":29},"end":{"line":331,"column":31}}]},"109":{"loc":{"start":{"line":332,"column":6},"end":{"line":332,"column":40}},"type":"cond-expr","locations":[{"start":{"line":332,"column":25},"end":{"line":332,"column":27}},{"start":{"line":332,"column":25},"end":{"line":332,"column":40}}]},"110":{"loc":{"start":{"line":332,"column":6},"end":{"line":332,"column":27}},"type":"binary-expr","locations":[{"start":{"line":332,"column":6},"end":{"line":332,"column":27}},{"start":{"line":332,"column":25},"end":{"line":332,"column":27}}]}},"s":{"0":0,"1":0,"2":0,"3":0,"4":0,"5":0,"6":0,"7":0,"8":0,"9":0,"10":0,"11":0,"12":0,"13":0,"14":0,"15":0,"16":0,"17":0,"18":0,"19":0,"20":0,"21":0,"22":0,"23":0,"24":0,"25":0,"26":0,"27":0,"28":0,"29":0,"30":0,"31":0,"32":0,"33":0,"34":0,"35":0,"36":0,"37":0,"38":0,"39":0,"40":0,"41":0,"42":0,"43":0,"44":0,"45":0,"46":0,"47":0,"48":0,"49":0,"50":0,"51":0,"52":0,"53":0,"54":0,"55":0,"56":0,"57":0,"58":0,"59":0,"60":0,"61":0,"62":0,"63":0,"64":0,"65":0,"66":0,"67":0,"68":0,"69":0,"70":0,"71":0,"72":0,"73":0,"74":0,"75":0,"76":0,"77":0,"78":0,"79":0,"80":0,"81":0,"82":0,"83":0,"84":0,"85":0,"86":0,"87":0,"88":0,"89":0,"90":0,"91":0,"92":0,"93":0,"94":0,"95":0,"96":0,"97":0,"98":0},"f":{"0":0,"1":0,"2":0,"3":0,"4":0,"5":0,"6":0,"7":0,"8":0,"9":0,"10":0,"11":0,"12":0,"13":0,"14":0,"15":0},"b":{"0":[0,0],"1":[0,0],"2":[0,0],"3":[0,0],"4":[0,0],"5":[0,0],"6":[0,0],"7":[0,0],"8":[0,0],"9":[0,0],"10":[0,0],"11":[0,0],"12":[0,0],"13":[0,0],"14":[0,0],"15":[0,0],"16":[0,0],"17":[0,0],"18":[0,0],"19":[0,0],"20":[0,0],"21":[0,0],"22":[0,0],"23":[0,0],"24":[0,0],"25":[0,0],"26":[0,0],"27":[0,0],"28":[0,0],"29":[0,0],"30":[0,0],"31":[0,0],"32":[0,0],"33":[0,0],"34":[0,0],"35":[0,0],"36":[0],"37":[0,0],"38":[0,0],"39":[0,0],"40":[0,0],"41":[0,0],"42":[0,0],"43":[0,0],"44":[0,0],"45":[0,0],"46":[0,0],"47":[0,0],"48":[0,0],"49":[0,0],"50":[0,0],"51":[0,0],"52":[0,0],"53":[0,0],"54":[0,0],"55":[0,0],"56":[0,0],"57":[0,0],"58":[0,0],"59":[0,0,0,0,0],"60":[0,0],"61":[0,0],"62":[0,0],"63":[0,0],"64":[0,0],"65":[0,0],"66":[0,0],"67":[0,0],"68":[0,0],"69":[0,0],"70":[0,0],"71":[0,0],"72":[0,0],"73":[0,0],"74":[0,0],"75":[0,0],"76":[0,0],"77":[0,0],"78":[0,0,0],"79":[0,0],"80":[0,0],"81":[0,0],"82":[0,0],"83":[0,0],"84":[0,0],"85":[0,0],"86":[0,0],"87":[0,0],"88":[0,0],"89":[0,0],"90":[0,0],"91":[0,0],"92":[0,0],"93":[0,0],"94":[0,0],"95":[0,0],"96":[0,0],"97":[0,0],"98":[0,0],"99":[0,0],"100":[0,0],"101":[0,0],"102":[0,0],"103":[0,0],"104":[0,0,0,0,0],"105":[0,0],"106":[0,0],"107":[0,0],"108":[0,0],"109":[0,0],"110":[0,0]}},"/home/runner/workspace/server/auth.ts":{"path":"/home/runner/workspace/server/auth.ts","statementMap":{"0":{"start":{"line":17,"column":20},"end":{"line":17,"column":22}},"1":{"start":{"line":18,"column":27},"end":{"line":18,"column":28}},"2":{"start":{"line":19,"column":21},"end":{"line":19,"column":35}},"3":{"start":{"line":20,"column":31},"end":{"line":20,"column":45}},"4":{"start":{"line":21,"column":27},"end":{"line":21,"column":40}},"5":{"start":{"line":24,"column":0},"end":{"line":26,"column":1}},"6":{"start":{"line":25,"column":2},"end":{"line":25,"column":49}},"7":{"start":{"line":31,"column":4},"end":{"line":31,"column":46}},"8":{"start":{"line":36,"column":4},"end":{"line":36,"column":42}},"9":{"start":{"line":41,"column":4},"end":{"line":41,"column":50}},"10":{"start":{"line":46,"column":4},"end":{"line":46,"column":66}},"11":{"start":{"line":51,"column":4},"end":{"line":56,"column":6}},"12":{"start":{"line":61,"column":4},"end":{"line":61,"column":71}},"13":{"start":{"line":66,"column":27},"end":{"line":66,"column":98}},"14":{"start":{"line":67,"column":4},"end":{"line":67,"column":54}},"15":{"start":{"line":78,"column":4},"end":{"line":85,"column":7}},"16":{"start":{"line":90,"column":4},"end":{"line":93,"column":5}}
[...]
{"0":{"loc":{"start":{"line":6,"column":9},"end":{"line":6,"column":49}},"type":"binary-expr","locations":[{"start":{"line":6,"column":9},"end":{"line":6,"column":13}},{"start":{"line":6,"column":17},"end":{"line":6,"column":49}}]}},"s":{"0":0,"1":0,"2":0,"3":0,"4":0,"5":0,"6":0,"7":0,"8":0,"9":0},"f":{"0":0,"1":0,"2":0,"3":0,"4":0,"5":0,"6":0,"7":0,"8":0,"9":0},"b":{"0":[0,0]}},"/home/runner/workspace/client/src/lib/rbac.ts":{"path":"/home/runner/workspace/client/src/lib/rbac.ts","statementMap":{"0":{"start":{"line":4,"column":21},"end":{"line":10,"column":11}},"1":{"start":{"line":15,"column":27},"end":{"line":61,"column":11}},"2":{"start":{"line":66,"column":60},"end":{"line":128,"column":2}},"3":{"start":{"line":132,"column":2},"end":{"line":132,"column":40}},"4":{"start":{"line":132,"column":27},"end":{"line":132,"column":40}},"5":{"start":{"line":134,"column":19},"end":{"line":134,"column":36}},"6":{"start":{"line":135,"column":26},"end":{"line":135,"column":58}},"7":{"start":{"line":137,"column":2},"end":{"line":137,"column":46}},"8":{"start":{"line":141,"column":2},"end":{"line":141,"column":73}},"9":{"start":{"line":141,"column":40},"end":{"line":141,"column":71}},"10":{"start":{"line":145,"column":2},"end":{"line":145,"column":74}},"11":{"start":{"line":145,"column":41},"end":{"line":145,"column":72}},"12":{"start":{"line":150,"column":2},"end":{"line":150,"column":40}},"13":{"start":{"line":150,"column":27},"end":{"line":150,"column":40}},"14":{"start":{"line":151,"column":2},"end":{"line":151,"column":28}},"15":{"start":{"line":155,"column":2},"end":{"line":155,"column":40}},"16":{"start":{"line":155,"column":27},"end":{"line":155,"column":40}},"17":{"start":{"line":156,"column":2},"end":{"line":156,"column":43}},"18":{"start":{"line":161,"column":2},"end":{"line":165,"column":5}},"19":{"start":{"line":169,"column":2},"end":{"line":173,"column":5}},"20":{"start":{"line":177,"column":2},"end":{"line":181,"column":5}},"21":{"start":{"line":185,"column":2},"end":{"line":189,"column":5}},"22":{"start":{"line":193,"column":2},"end":{"line":197,"column":5}},"23":{"start":{"line":201,"column":2},"end":{"line":201,"column":57}},"24":{"start":{"line":205,"column":2},"end":{"line":205,"column":55}},"25":{"start":{"line":209,"column":2},"end":{"line":212,"column":5}},"26":{"start":{"line":216,"column":2},"end":{"line":219,"column":5}},"27":{"start":{"line":224,"column":2},"end":{"line":224,"column":25}},"28":{"start":{"line":224,"column":13},"end":{"line":224,"column":25}},"29":{"start":{"line":227,"column":2},"end":{"line":227,"column":78}},"30":{"start":{"line":231,"column":2},"end":{"line":231,"column":27}},"31":{"start":{"line":231,"column":13},"end":{"line":231,"column":27}},"32":{"start":{"line":233,"column":2},"end":{"line":235,"column":3}},"33":{"start":{"line":234,"column":4},"end":{"line":234,"column":17}},"34":{"start":{"line":237,"column":2},"end":{"line":239,"column":3}},"35":{"start":{"line":238,"column":4},"end":{"line":238,"column":17}},"36":{"start":{"line":241,"column":2},"end":{"line":241,"column":16}}},"fnMap":{"0":{"name":"hasPermission","decl":{"start":{"line":131,"column":16},"end":{"line":131,"column":29}},"loc":{"start":{"line":131,"column":71},"end":{"line":138,"column":1}}},"1":{"name":"hasAnyPermission","decl":{"start":{"line":140,"column":16},"end":{"line":140,"column":32}},"loc":{"start":{"line":140,"column":77},"end":{"line":142,"column":1}}},"2":{"name":"(anonymous_2)","decl":{"start":{"line":141,"column":26},"end":{"line":141,"column":36}},"loc":{"start":{"line":141,"column":40},"end":{"line":141,"column":71}}},"3":{"name":"hasAllPermissions","decl":{"start":{"line":144,"column":16},"end":{"line":144,"column":33}},"loc":{"start":{"line":144,"column":78},"end":{"line":146,"column":1}}},"4":{"name":"(anonymous_4)","decl":{"start":{"line":145,"column":27},"end":{"line":145,"column":37}},"loc":{"start":{"line":145,"column":41},"end":{"line":145,"column":72}}},"5":{"name":"hasRole","decl":{"start":{"line":149,"column":16},"end":{"line":149,"column":23}},"loc":{"start":{"line":149,"column":53},"end":{"line":152,"column":1}}},"6":{"name":"hasAnyRole","decl":{"start":{"line":154,"column":16},"end":{"line":154,"column":26}},"loc":{"start":{"line":154,"column":59},"end":{"line":157,"column":1}}},"7":{"name":"canAccessUserManagement","decl":{"start":{"line":160,"column":16},"end":{"line":160,"column":39}},"loc":{"start":{"line":160,"column":57},"end":{"line":166,"column":1}}},"8":{"name":"canAccessMerchantManagement","decl":{"start":{"line":168,"column":16},"end":{"line":168,"column":43}},"loc":{"start":{"line":168,"column":61},"end":{"line":174,"column":1}}},"9":{"name":"canAccessAgentManagement","decl":{"start":{"line":176,"column":16},"end":{"line":176,"column":40}},"loc":{"start":{"line":176,"column":58},"end":{"line":182,"column":1}}},"10":{"name":"canAccessTransactionManagement","decl":{"start":{"line":184,"column":16},"end":{"line":184,"column":46}},"loc":{"start":{"line":184,"column":64},"end":{"line":190,"column":1}}},"11":{"name":"canAccessLocationManagement","decl":{"start":{"line":192,"column":16},"end":{"line":192,"column":43}},"loc":{"start":{"line":192,"column":61},"end":{"line":198,"column":1}}},"12":{"name":"canAccessAnalytics","decl":{"start":{"line":200,"column":16},"end":{"line":200,"column":34}},"loc":{"start":{"line":200,"column":52},"end":{"line":202,"column":1}}},"13":{"name":"canAccessReports","decl":{"start":{"line":204,"column":16},"end":{"line":204,"column":32}},"loc":{"start":{"line":204,"column":50},"end":{"line":206,"column":1}}},"14":{"name":"canAccessSystemAdmin","decl":{"start":{"line":208,"column":16},"end":{"line":208,"column":36}},"loc":{"start":{"line":208,"column":54},"end":{"line":213,"column":1}}},"15":{"name":"canAccessSecurityDashboard","decl":{"start":{"line":215,"column":16},"end":{"line":215,"column":42}},"loc":{"start":{"line":215,"column":60},"end":{"line":220,"column":1}}},"16":{"name":"shouldFilterByUser","decl":{"start":{"line":223,"column":16},"end":{"line":223,"column":34}},"loc":{"start":{"line":223,"column":52},"end":{"line":228,"column":1}}},"17":{"name":"getUserDataScope","decl":{"start":{"line":230,"column":16},"end":{"line":230,"column":32}},"loc":{"start":{"line":230,"column":50},"end":{"line":242,"column":1}}}},"branchMap":{"0":{"loc":{"start":{"line":132,"column":2},"end":{"line":132,"column":40}},"type":"if","locations":[{"start":{"line":132,"column":2},"end":{"line":132,"column":40}},{"start":{},"end":{}}]},"1":{"loc":{"start":{"line":132,"column":6},"end":{"line":132,"column":25}},"type":"binary-expr","locations":[{"start":{"line":132,"column":6},"end":{"line":132,"column":11}},{"start":{"line":132,"column":15},"end":{"line":132,"column":25}}]},"2":{"loc":{"start":{"line":135,"column":26},"end":{"line":135,"column":58}},"type":"binary-expr","locations":[{"start":{"line":135,"column":26},"end":{"line":135,"column":52}},{"start":{"line":135,"column":56},"end":{"line":135,"column":58}}]},"3":{"loc":{"start":{"line":150,"column":2},"end":{"line":150,"column":40}},"type":"if","locations":[{"start":{"line":150,"column":2},"end":{"line":150,"column":40}},{"start":{},"end":{}}]},"4":{"loc":{"start":{"line":150,"column":6},"end":{"line":150,"column":25}},"type":"binary-expr","locations":[{"start":{"line":150,"column":6},"end":{"line":150,"column":11}},{"start":{"line":150,"column":15},"end":{"line":150,"column":25}}]},"5":{"loc":{"start":{"line":155,"column":2},"end":{"line":155,"column":40}},"type":"if","locations":[{"start":{"line":155,"column":2},"end":{"line":155,"column":40}},{"start":{},"end":{}}]},"6":{"loc":{"start":{"line":155,"column":6},"end":{"line":155,"column":25}},"type":"binary-expr","locations":[{"start":{"line":155,"column":6},"end":{"line":155,"column":11}},{"start":{"line":155,"column":15},"end":{"line":155,"column":25}}]},"7":{"loc":{"start":{"line":224,"column":2},"end":{"line":224,"column":25}},"type":"if","locations":[{"start":{"line":224,"column":2},"end":{"line":224,"column":25}},{"start":{},"end":{}}]},"8":{"loc":{"start":{"line":231,"column":2},"end":{"line":231,"column":27}},"type":"if","locations":[{"start":{"line":231,"column":2},"end":{"line":231,"column":27}},{"start":{},"end":{}}]},"9":{"loc":{"start":{"line":233,"column":2},"end":{"line":235,"column":3}},"type":"if","locations":[{"start":{"line":233,"column":2},"end":{"line":235,"column":3}},{"start":{},"end":{}}]},"10":{"loc":{"start":{"line":237,"column":2},"end":{"line":239,"column":3}},"type":"if","locations":[{"start":{"line":237,"column":2},"end":{"line":239,"column":3}},{"start":{},"end":{}}]}},"s":{"0":0,"1":0,"2":0,"3":0,"4":0,"5":0,"6":0,"7":0,"8":0,"9":0,"10":0,"11":0,"12":0,"13":0,"14":0,"15":0,"16":0,"17":0,"18":0,"19":0,"20":0,"21":0,"22":0,"23":0,"24":0,"25":0,"26":0,"27":0,"28":0,"29":0,"30":0,"31":0,"32":0,"33":0,"34":0,"35":0,"36":0},"f":{"0":0,"1":0,"2":0,"3":0,"4":0,"5":0,"6":0,"7":0,"8":0,"9":0,"10":0,"11":0,"12":0,"13":0,"14":0,"15":0,"16":0,"17":0},"b":{"0":[0,0],"1":[0,0],"2":[0,0],"3":[0,0],"4":[0,0],"5":[0,0],"6":[0,0],"7":[0,0],"8":[0,0],"9":[0,0],"10":[0,0]}},"/home/runner/workspace/client/src/lib/queryClient.ts":{"path":"/home/runner/workspace/client/src/lib/queryClient.ts","statementMap":{"0":{"start":{"line":4,"column":2},"end":{"line":7,"column":3}},"1":{"start":{"line":5,"column":17},"end":{"line":5,"column":53}},"2":{"start":{"line":6,"column":4},"end":{"line":6,"column":46}},"3":{"start":{"line":15,"column":14},"end":{"line":21,"column":4}},"4":{"start":{"line":22,"column":2},"end":{"line":22,"column":29}},"5":{"start":{"line":23,"column":2},"end":{"line":23,"column":13}},"6":{"start":{"line":30,"column":2},"end":{"line":43,"column":4}},"7":{"start":{"line":31,"column":2},"end":{"line":43,"column":4}},"8":{"start":{"line":31,"column":25},"end":{"line":43,"column":4}},"9":{"start":{"line":32,"column":16},"end":{"line":35,"column":6}},"10":{"start":{"line":37,"column":4},"end":{"line":39,"column":5}},"11":{"start":{"line":38,"column":6},"end":{"line":38,"column":18}},"12":{"start":{"line":41,"column":4},"end":{"line":41,"column":31}},"13":{"start":{"line":42,"column":4},"end":{"line":42,"column":28}},"14":{"start":{"line":45,"column":27},"end":{"line":58,"column":2}}},"fnMap":{"0":{"name":"throwIfResNotOk","decl":{"start":{"line":3,"column":15},"end":{"line":3,"column":30}},"loc":{"start":{"line":3,"column":44},"end":{"line":8,"column":null}}},"1":{"name":"apiRequest","decl":{"start":{"line":10,"column":22},"end":{"line":10,"column":32}},"loc":{"start":{"line":13,"column":28},"end":{"line":24,"column":null}}},"2":{"name":"(anonymous_11)","decl":{"start":{"line":30,"column":2},"end":{"line":30,"column":3}},"loc":{"start":{"line":31,"column":2},"end":{"line":43,"column":4}}},"3":{"name":"(anonymous_12)","decl":{"start":{"line":31,"column":2},"end":{"line":31,"column":9}},"loc":{"start":{"line":31,"column":25},"end":{"line":43,"column":4}}},"4":{"name":"(anonymous_13)","decl":{"start":{"line":31,"column":25},"end":{"line":31,"column":null}},"loc":{"start":{"line":31,"column":21},"end":{"line":43,"column":3}}}},"branchMap":{"0":{"loc":{"start":{"line":4,"column":2},"end":{"line":7,"column":3}},"type":"if","locations":[{"start":{"line":4,"column":2},"end":{"line":7,"column":3}},{"start":{},"end":{}}]},"1":{"loc":{"start":{"line":5,"column":17},"end":{"line":5,"column":53}},"type":"binary-expr","locations":[{"start":{"line":5,"column":18},"end":{"line":5,"column":34}},{"start":{"line":5,"column":39},"end":{"line":5,"column":53}}]},"2":{"loc":{"start":{"line":17,"column":13},"end":{"line":17,"column":63}},"type":"cond-expr","locations":[{"start":{"line":17,"column":20},"end":{"line":17,"column":58}},{"start":{"line":17,"column":61},"end":{"line":17,"column":63}}]},"3":{"loc":{"start":{"line":18,"column":10},"end":{"line":18,"column":49}},"type":"cond-expr","locations":[{"start":{"line":18,"column":17},"end":{"line":18,"column":37}},{"start":{"line":18,"column":40},"end":{"line":18,"column":49}}]},"4":{"loc":{"start":{"line":37,"column":4},"end":{"line":39,"column":5}},"type":"if","locations":[{"start":{"line":37,"column":4},"end":{"line":39,"column":5}},{"start":{},"end":{}}]},"5":{"loc":{"start":{"line":37,"column":8},"end":{"line":37,"column":67}},"type":"binary-expr","locations":[{"start":{"line":37,"column":8},"end":{"line":37,"column":45}},{"start":{"line":37,"column":49},"end":{"line":37,"column":67}}]}},"s":{"0":0,"1":0,"2":0,"3":0,"4":0,"5":0,"6":0,"7":0,"8":0,"9":0,"10":0,"11":0,"12":0,"13":0,"14":0},"f":{"0":0,"1":0,"2":0,"3":0,"4":0},"b":{"0":[0,0],"1":[0,0],"2":[0,0],"3":[0,0],"4":[0,0],"5":[0,0]}},"/home/runner/workspace/client/src/lib/timezone.ts":{"path":"/home/runner/workspace/client/src/lib/timezone.ts","statementMap":{"0":{"start":{"line":7,"column":2},"end":{"line":12,"column":3}},"1":{"start":{"line":8,"column":4},"end":{"line":8,"column":60}},"2":{"start":{"line":10,"column":4},"end":{"line":10,"column":75}},"3":{"start":{"line":11,"column":4},"end":{"line":11,"column":17}},"4":{"start":{"line":23,"column":2},"end":{"line":23,"column":25}},"5":{"start":{"line":23,"column":13},"end":{"line":23,"column":25}},"6":{"start":{"line":25,"column":2},"end":{"line":32,"column":3}},"7":{"start":{"line":26,"column":20},"end":{"line":26,"column":68}},"8":{"start":{"line":27,"column":15},"end":{"line":27,"column":44}},"9":{"start":{"line":28,"column":4},"end":{"line":28,"column":52}},"10":{"start":{"line":30,"column":4},"end":{"line":30,"column":62}},"11":{"start":{"line":31,"column":4},"end":{"line":31,"column":79}},"12":{"start":{"line":39,"column":2},"end":{"line":52,"column":3}},"13":{"start":{"line":40,"column":15},"end":{"line":40,"column":44}},"14":{"start":{"line":41,"column":16},"end":{"line":41,"column":26}},"15":{"start":{"line":42,"column":22},"end":{"line":45,"column":6}},"16":{"start":{"line":47,"column":18},"end":{"line":47,"column":46}},"17":{"start":{"line":48,"column":25},"end":{"line":48,"column":73}},"18":{"start":{"line":48,"column":44},"end":{"line":48,"column":72}},"19":{"start":{"line":49,"column":4},"end":{"line":49,"column":37}},"20":{"start":{"line":51,"column":4},"end":{"line":51,"column":29}},"21":{"start":{"line":59,"column":2},"end":{"line":59,"column":28}},"22":{"start":{"line":59,"column":16},"end":{"line":59,"column":28}},"23":{"start":{"line":61,"column":2},"end":{"line":68,"column":3}},"24":{"start":{"line":62,"column":17},"end":{"line":62,"column":74}},"25":{"start":{"line":64,"column":4},"end":{"line":64,"column":16}},"26":{"start":{"line":66,"column":4},"end":{"line":66,"column":55}},"27":{"start":{"line":67,"column":4},"end":{"line":67,"column":16}}},"fnMap":{"0":{"name":"getUserTimezone","decl":{"start":{"line":6,"column":16},"end":{"line":6,"column":31}},"loc":{"start":{"line":6,"column":31},"end":{"line":13,"column":1}}},"1":{"name":"formatDateInUserTimezone","decl":{"start":{"line":18,"column":16},"end":{"line":18,"column":40}},"loc":{"start":{"line":21,"column":19},"end":{"line":33,"column":1}}},"2":{"name":"getTimezoneAbbreviation","decl":{"start":{"line":38,"column":16},"end":{"line":38,"column":39}},"loc":{"start":{"line":38,"column":57},"end":{"line":53,"column":1}}},"3":{"name":"(anonymous_3)","decl":{"start":{"line":48,"column":36},"end":{"line":48,"column":40}},"loc":{"start":{"line":48,"column":44},"end":{"line":48,"column":72}}},"4":{"name":"convertToUserTimezone","decl":{"start":{"line":58,"column":16},"end":{"line":58,"column":37}},"loc":{"start":{"line":58,"column":86},"end":{"line":69,"column":1}}}},"branchMap":{"0":{"loc":{"start":{"line":20,"column":2},"end":{"line":20,"column":49}},"type":"default-arg","locations":[{"start":{"line":20,"column":22},"end":{"line":20,"column":49}}]},"1":{"loc":{"start":{"line":23,"column":2},"end":{"line":23,"column":25}},"type":"if","locations":[{"start":{"line":23,"column":2},"end":{"line":23,"column":25}},{"start":{},"end":{}}]},"2":{"loc":{"start":{"line":26,"column":20},"end":{"line":26,"column":68}},"type":"cond-expr","locations":[{"start":{"line":26,"column":47},"end":{"line":26,"column":61}},{"start":{"line":26,"column":64},"end":{"line":26,"column":68}}]},"3":{"loc":{"start":{"line":27,"column":15},"end":{"line":27,"column":44}},"type":"binary-expr","locations":[{"start":{"line":27,"column":15},"end":{"line":27,"column":23}},{"start":{"line":27,"column":27},"end":{"line":27,"column":44}}]},"4":{"loc":{"start":{"line":31,"column":18},"end":{"line":31,"column":66}},"type":"cond-expr","locations":[{"start":{"line":31,"column":45},"end":{"line":31,"column":59}},{"start":{"line":31,"column":62},"end":{"line":31,"column":66}}]},"5":{"loc":{"start":{"line":40,"column":15},"end":{"line":40,"column":44}},"type":"binary-expr","locations":[{"start":{"line":40,"column":15},"end":{"line":40,"column":23}},{"start":{"line":40,"column":27},"end":{"line":40,"column":44}}]},"6":{"loc":{"start":{"line":49,"column":11},"end":{"line":49,"column":36}},"type":"binary-expr","locations":[{"start":{"line":49,"column":11},"end":{"line":49,"column":30}},{"start":{"line":49,"column":34},"end":{"line":49,"column":36}}]},"7":{"loc":{"start":{"line":49,"column":11},"end":{"line":49,"column":30}},"type":"cond-expr","locations":[{"start":{"line":49,"column":23},"end":{"line":49,"column":25}},{"start":{"line":49,"column":11},"end":{"line":49,"column":30}}]},"8":{"loc":{"start":{"line":49,"column":11},"end":{"line":49,"column":25}},"type":"binary-expr","locations":[{"start":{"line":49,"column":11},"end":{"line":49,"column":25}},{"start":{"line":49,"column":11},"end":{"line":49,"column":25}}]},"9":{"loc":{"start":{"line":51,"column":11},"end":{"line":51,"column":28}},"type":"binary-expr","locations":[{"start":{"line":51,"column":11},"end":{"line":51,"column":19}},{"start":{"line":51,"column":23},"end":{"line":51,"column":28}}]},"10":{"loc":{"start":{"line":59,"column":2},"end":{"line":59,"column":28}},"type":"if","locations":[{"start":{"line":59,"column":2},"end":{"line":59,"column":28}},{"start":{},"end":{}}]},"11":{"loc":{"start":{"line":62,"column":17},"end":{"line":62,"column":74}},"type":"cond-expr","locations":[{"start":{"line":62,"column":47},"end":{"line":62,"column":64}},{"start":{"line":62,"column":67},"end":{"line":62,"column":74}}]}},"s":{"0":0,"1":0,"2":0,"3":0,"4":0,"5":0,"6":0,"7":0,"8":0,"9":0,"10":0,"11":0,"12":0,"13":0,"14":0,"15":0,"16":0,"17":0,"18":0,"19":0,"20":0,"21":0,"22":0,"23":0,"24":0,"25":0,"26":0,"27":0},"f":{"0":0,"1":0,"2":0,"3":0,"4":0},"b":{"0":[0],"1":[0,0],"2":[0,0],"3":[0,0],"4":[0,0],"5":[0,0],"6":[0,0],"7":[0,0],"8":[0,0],"9":[0,0],"10":[0,0],"11":[0,0]}},"/home/runner/workspace/client/src/lib/utils.ts":{"path":"/home/runner/workspace/client/src/lib/utils.ts","statementMap":{"0":{"start":{"line":5,"column":2},"end":{"line":5,"column":null}}},"fnMap":{"0":{"name":"cn","decl":{"start":{"line":4,"column":16},"end":{"line":4,"column":18}},"loc":{"start":{"line":4,"column":42},"end":{"line":6,"column":1}}}},"branchMap":{},"s":{"0":0},"f":{"0":0},"b":{}},"/home/runner/workspace/client/src/components/ui/aspect-ratio.tsx":{"path":"/home/runner/workspace/client/src/components/ui/aspect-ratio.tsx","statementMap":{"0":{"start":{"line":3,"column":20},"end":{"line":3,"column":45}}},"fnMap":{},"branchMap":{},"s":{"0":0},"f":{},"b":{}},"/home/runner/workspace/client/src/components/ui/collapsible.tsx":{"path":"/home/runner/workspace/client/src/components/ui/collapsible.tsx","statementMap":{"0":{"start":{"line":4,"column":20},"end":{"line":4,"column":45}},"1":{"start":{"line":6,"column":27},"end":{"line":6,"column":66}},"2":{"start":{"line":8,"column":27},"end":{"line":8,"column":66}}},"fnMap":{},"branchMap":{},"s":{"0":0,"1":0,"2":0},"f":{},"b":{}},"/home/runner/workspace/client/src/components/widgets/widget-types.ts":{"path":"/home/runner/workspace/client/src/components/widgets/widget-types.ts","statementMap":{"0":{"start":{"line":29,"column":54},"end":{"line":120,"column":2}}},"fnMap":{},"branchMap":{},"s":{"0":0},"f":{},"b":{}}}}
