TN:
SF:client/src/components/ui/aspect-ratio.tsx
FNF:0
FNH:0
DA:3,0
LF:1
LH:0
BRF:0
BRH:0
end_of_record
TN:
SF:client/src/components/ui/collapsible.tsx
FNF:0
FNH:0
DA:4,0
DA:6,0
DA:8,0
LF:3
LH:0
BRF:0
BRH:0
end_of_record
TN:
SF:client/src/components/widgets/widget-types.ts
FNF:0
FNH:0
DA:29,0
LF:1
LH:0
BRF:0
BRH:0
end_of_record
TN:
SF:client/src/hooks/use-mobile.tsx
FN:5,useIsMobile
FN:8,(anonymous_1)
FN:10,(anonymous_2)
FN:15,(anonymous_3)
FNF:4
FNH:0
FNDA:0,useIsMobile
FNDA:0,(anonymous_1)
FNDA:0,(anonymous_2)
FNDA:0,(anonymous_3)
DA:3,0
DA:6,0
DA:8,0
DA:9,0
DA:10,0
DA:11,0
DA:13,0
DA:14,0
DA:15,0
DA:18,0
LF:10
LH:0
BRF:0
BRH:0
end_of_record
TN:
SF:client/src/hooks/use-toast.ts
FN:27,genId
FN:58,(anonymous_2)
FN:63,(anonymous_3)
FN:74,(anonymous_4)
FN:85,(anonymous_5)
FN:98,(anonymous_6)
FN:105,(anonymous_7)
FN:124,(anonymous_8)
FN:133,dispatch
FN:135,(anonymous_10)
FN:142,toast
FN:145,(anonymous_12)
FN:150,(anonymous_13)
FN:158,(anonymous_14)
FN:171,useToast
FN:174,(anonymous_16)
FN:176,(anonymous_17)
FN:187,(anonymous_18)
FNF:18
FNH:0
FNDA:0,genId
FNDA:0,(anonymous_2)
FNDA:0,(anonymous_3)
FNDA:0,(anonymous_4)
FNDA:0,(anonymous_5)
FNDA:0,(anonymous_6)
FNDA:0,(anonymous_7)
FNDA:0,(anonymous_8)
FNDA:0,dispatch
FNDA:0,(anonymous_10)
FNDA:0,toast
FNDA:0,(anonymous_12)
FNDA:0,(anonymous_13)
FNDA:0,(anonymous_14)
FNDA:0,useToast
FNDA:0,(anonymous_16)
FNDA:0,(anonymous_17)
FNDA:0,(anonymous_18)
DA:8,0
DA:9,0
DA:18,0
DA:25,0
DA:28,0
DA:29,0
DA:56,0
DA:58,0
DA:59,0
DA:60,0
DA:63,0
DA:64,0
DA:65,0
DA:71,0
DA:74,0
DA:75,0
DA:77,0
DA:83,0
DA:86,0
DA:91,0
DA:95,0
DA:96,0
DA:98,0
DA:99,0
DA:103,0
DA:106,0
DA:116,0
DA:117,0
DA:122,0
DA:124,0
DA:129,0
DA:131,0
DA:134,0
DA:135,0
DA:136,0
DA:142,0
DA:143,0
DA:145,0
DA:146,0
DA:150,0
DA:152,0
DA:159,0
DA:164,0
DA:172,0
DA:174,0
DA:175,0
DA:176,0
DA:177,0
DA:178,0
DA:179,0
DA:184,0
DA:187,0
LF:52
LH:0
BRDA:59,0,0,0
BRDA:59,0,1,0
BRDA:75,1,0,0
BRDA:75,1,1,0
BRDA:75,1,2,0
BRDA:75,1,3,0
BRDA:86,2,0,0
BRDA:86,2,1,0
BRDA:95,3,0,0
BRDA:95,3,1,0
BRDA:106,4,0,0
BRDA:106,4,1,0
BRDA:106,5,0,0
BRDA:106,5,1,0
BRDA:116,6,0,0
BRDA:116,6,1,0
BRDA:159,7,0,0
BRDA:159,7,1,0
BRDA:178,8,0,0
BRDA:178,8,1,0
BRF:20
BRH:0
end_of_record
TN:
SF:client/src/hooks/useAuth.ts
FN:5,useAuth
FN:17,(anonymous_8)
FN:17,(anonymous_9)
FNF:3
FNH:0
FNDA:0,useAuth
FNDA:0,(anonymous_8)
FNDA:0,(anonymous_9)
DA:6,0
DA:17,0
DA:18,0
DA:19,0
DA:25,0
DA:27,0
DA:28,0
DA:30,0
DA:31,0
DA:34,0
DA:35,0
DA:36,0
DA:40,0
LF:13
LH:0
BRDA:27,0,0,0
BRDA:27,0,1,0
BRF:2
BRH:0
end_of_record
TN:
SF:client/src/lib/api.ts
FN:6,(anonymous_7)
FN:6,(anonymous_8)
FN:12,(anonymous_9)
FN:12,(anonymous_10)
FN:17,(anonymous_11)
FN:17,(anonymous_12)
FN:22,(anonymous_13)
FN:22,(anonymous_14)
FN:27,(anonymous_15)
FN:27,(anonymous_16)
FN:34,(anonymous_17)
FN:34,(anonymous_18)
FN:40,(anonymous_19)
FN:40,(anonymous_20)
FN:45,(anonymous_21)
FN:45,(anonymous_22)
FN:50,(anonymous_23)
FN:50,(anonymous_24)
FN:55,(anonymous_25)
FN:55,(anonymous_26)
FN:62,(anonymous_27)
FN:62,(anonymous_28)
FN:73,(anonymous_29)
FN:73,(anonymous_30)
FN:78,(anonymous_31)
FN:78,(anonymous_32)
FN:83,(anonymous_33)
FN:83,(anonymous_34)
FN:91,(anonymous_35)
FN:96,(anonymous_36)
FN:101,(anonymous_37)
FN:101,(anonymous_38)
FN:106,(anonymous_39)
FN:106,(anonymous_40)
FNF:34
FNH:0
FNDA:0,(anonymous_7)
FNDA:0,(anonymous_8)
FNDA:0,(anonymous_9)
FNDA:0,(anonymous_10)
FNDA:0,(anonymous_11)
FNDA:0,(anonymous_12)
FNDA:0,(anonymous_13)
FNDA:0,(anonymous_14)
FNDA:0,(anonymous_15)
FNDA:0,(anonymous_16)
FNDA:0,(anonymous_17)
FNDA:0,(anonymous_18)
FNDA:0,(anonymous_19)
FNDA:0,(anonymous_20)
FNDA:0,(anonymous_21)
FNDA:0,(anonymous_22)
FNDA:0,(anonymous_23)
FNDA:0,(anonymous_24)
FNDA:0,(anonymous_25)
FNDA:0,(anonymous_26)
FNDA:0,(anonymous_27)
FNDA:0,(anonymous_28)
FNDA:0,(anonymous_29)
FNDA:0,(anonymous_30)
FNDA:0,(anonymous_31)
FNDA:0,(anonymous_32)
FNDA:0,(anonymous_33)
FNDA:0,(anonymous_34)
FNDA:0,(anonymous_35)
FNDA:0,(anonymous_36)
FNDA:0,(anonymous_37)
FNDA:0,(anonymous_38)
FNDA:0,(anonymous_39)
FNDA:0,(anonymous_40)
DA:5,0
DA:6,0
DA:7,0
DA:8,0
DA:9,0
DA:12,0
DA:13,0
DA:14,0
DA:17,0
DA:18,0
DA:19,0
DA:22,0
DA:23,0
DA:24,0
DA:27,0
DA:28,0
DA:33,0
DA:34,0
DA:35,0
DA:36,0
DA:37,0
DA:40,0
DA:41,0
DA:42,0
DA:45,0
DA:46,0
DA:47,0
DA:50,0
DA:51,0
DA:52,0
DA:55,0
DA:56,0
DA:61,0
DA:62,0
DA:63,0
DA:64,0
DA:65,0
DA:66,0
DA:67,0
DA:69,0
DA:70,0
DA:73,0
DA:74,0
DA:75,0
DA:78,0
DA:79,0
DA:80,0
DA:83,0
DA:84,0
DA:85,0
DA:90,0
DA:96,0
DA:97,0
DA:98,0
DA:101,0
DA:102,0
DA:103,0
DA:106,0
DA:107,0
DA:108,0
DA:109,0
LF:61
LH:0
BRDA:7,0,0,0
BRDA:7,0,1,0
BRDA:35,1,0,0
BRDA:35,1,1,0
BRDA:65,2,0,0
BRDA:65,2,1,0
BRDA:66,3,0,0
BRDA:66,3,1,0
BRDA:67,4,0,0
BRDA:67,4,1,0
BRDA:107,5,0,0
BRDA:107,5,1,0
BRF:12
BRH:0
end_of_record
TN:
SF:client/src/lib/auth-helper.ts
FN:2,checkAuthStatus
FNF:1
FNH:0
FNDA:0,checkAuthStatus
DA:3,0
DA:4,0
DA:7,0
DA:9,0
DA:10,0
LF:5
LH:0
BRF:0
BRH:0
end_of_record
TN:
SF:client/src/lib/authUtils.ts
FN:1,isUnauthorizedError
FN:5,hasRole
FN:9,canAccessMerchants
FN:13,canAccessAgents
FN:17,canAccessTransactions
FN:21,canAccessAnalytics
FN:25,canManageMerchants
FN:29,canManageAgents
FN:33,canManageTransactions
FN:37,canManageUsers
FNF:10
FNH:0
FNDA:0,isUnauthorizedError
FNDA:0,hasRole
FNDA:0,canAccessMerchants
FNDA:0,canAccessAgents
FNDA:0,canAccessTransactions
FNDA:0,canAccessAnalytics
FNDA:0,canManageMerchants
FNDA:0,canManageAgents
FNDA:0,canManageTransactions
FNDA:0,canManageUsers
DA:2,0
DA:6,0
DA:10,0
DA:14,0
DA:18,0
DA:22,0
DA:26,0
DA:30,0
DA:34,0
DA:38,0
LF:10
LH:0
BRDA:6,0,0,0
BRDA:6,0,1,0
BRF:2
BRH:0
end_of_record
TN:
SF:client/src/lib/queryClient.ts
FN:3,throwIfResNotOk
FN:10,apiRequest
FN:30,(anonymous_11)
FN:31,(anonymous_12)
FN:31,(anonymous_13)
FNF:5
FNH:0
FNDA:0,throwIfResNotOk
FNDA:0,apiRequest
FNDA:0,(anonymous_11)
FNDA:0,(anonymous_12)
FNDA:0,(anonymous_13)
DA:4,0
DA:5,0
DA:6,0
DA:15,0
DA:22,0
DA:23,0
DA:30,0
DA:31,0
DA:32,0
DA:37,0
DA:38,0
DA:41,0
DA:42,0
DA:45,0
LF:14
LH:0
BRDA:4,0,0,0
BRDA:4,0,1,0
BRDA:5,1,0,0
BRDA:5,1,1,0
BRDA:17,2,0,0
BRDA:17,2,1,0
BRDA:18,3,0,0
BRDA:18,3,1,0
BRDA:37,4,0,0
BRDA:37,4,1,0
BRDA:37,5,0,0
BRDA:37,5,1,0
BRF:12
BRH:0
end_of_record
TN:
SF:client/src/lib/rbac.ts
FN:131,hasPermission
FN:140,hasAnyPermission
FN:141,(anonymous_2)
FN:144,hasAllPermissions
FN:145,(anonymous_4)
FN:149,hasRole
FN:154,hasAnyRole
FN:160,canAccessUserManagement
FN:168,canAccessMerchantManagement
FN:176,canAccessAgentManagement
FN:184,canAccessTransactionManagement
FN:192,canAccessLocationManagement
FN:200,canAccessAnalytics
FN:204,canAccessReports
FN:208,canAccessSystemAdmin
FN:215,canAccessSecurityDashboard
FN:223,shouldFilterByUser
FN:230,getUserDataScope
FNF:18
FNH:0
FNDA:0,hasPermission
FNDA:0,hasAnyPermission
FNDA:0,(anonymous_2)
FNDA:0,hasAllPermissions
FNDA:0,(anonymous_4)
FNDA:0,hasRole
FNDA:0,hasAnyRole
FNDA:0,canAccessUserManagement
FNDA:0,canAccessMerchantManagement
FNDA:0,canAccessAgentManagement
FNDA:0,canAccessTransactionManagement
FNDA:0,canAccessLocationManagement
FNDA:0,canAccessAnalytics
FNDA:0,canAccessReports
FNDA:0,canAccessSystemAdmin
FNDA:0,canAccessSecurityDashboard
FNDA:0,shouldFilterByUser
FNDA:0,getUserDataScope
DA:4,0
DA:15,0
DA:66,0
DA:132,0
DA:134,0
DA:135,0
DA:137,0
DA:141,0
DA:145,0
DA:150,0
DA:151,0
DA:155,0
DA:156,0
DA:161,0
DA:169,0
DA:177,0
DA:185,0
DA:193,0
DA:201,0
DA:205,0
DA:209,0
DA:216,0
DA:224,0
DA:227,0
DA:231,0
DA:233,0
DA:234,0
DA:237,0
DA:238,0
DA:241,0
LF:30
LH:0
BRDA:132,0,0,0
BRDA:132,0,1,0
BRDA:132,1,0,0
BRDA:132,1,1,0
BRDA:135,2,0,0
BRDA:135,2,1,0
BRDA:150,3,0,0
BRDA:150,3,1,0
BRDA:150,4,0,0
BRDA:150,4,1,0
BRDA:155,5,0,0
BRDA:155,5,1,0
BRDA:155,6,0,0
BRDA:155,6,1,0
BRDA:224,7,0,0
BRDA:224,7,1,0
BRDA:231,8,0,0
BRDA:231,8,1,0
BRDA:233,9,0,0
BRDA:233,9,1,0
BRDA:237,10,0,0
BRDA:237,10,1,0
BRF:22
BRH:0
end_of_record
TN:
SF:client/src/lib/timezone.ts
FN:6,getUserTimezone
FN:18,formatDateInUserTimezone
FN:38,getTimezoneAbbreviation
FN:48,(anonymous_3)
FN:58,convertToUserTimezone
FNF:5
FNH:0
FNDA:0,getUserTimezone
FNDA:0,formatDateInUserTimezone
FNDA:0,getTimezoneAbbreviation
FNDA:0,(anonymous_3)
FNDA:0,convertToUserTimezone
DA:7,0
DA:8,0
DA:10,0
DA:11,0
DA:23,0
DA:25,0
DA:26,0
DA:27,0
DA:28,0
DA:30,0
DA:31,0
DA:39,0
DA:40,0
DA:41,0
DA:42,0
DA:47,0
DA:48,0
DA:49,0
DA:51,0
DA:59,0
DA:61,0
DA:62,0
DA:64,0
DA:66,0
DA:67,0
LF:25
LH:0
BRDA:20,0,0,0
BRDA:23,1,0,0
BRDA:23,1,1,0
BRDA:26,2,0,0
BRDA:26,2,1,0
BRDA:27,3,0,0
BRDA:27,3,1,0
BRDA:31,4,0,0
BRDA:31,4,1,0
BRDA:40,5,0,0
BRDA:40,5,1,0
BRDA:49,6,0,0
BRDA:49,6,1,0
BRDA:49,7,0,0
BRDA:49,7,1,0
BRDA:49,8,0,0
BRDA:49,8,1,0
BRDA:51,9,0,0
BRDA:51,9,1,0
BRDA:59,10,0,0
BRDA:59,10,1,0
BRDA:62,11,0,0
BRDA:62,11,1,0
BRF:23
BRH:0
end_of_record
TN:
SF:client/src/lib/utils.ts
FN:4,cn
FNF:1
FNH:1
FNDA:8,cn
DA:1,1
DA:2,1
DA:4,1
DA:5,8
LF:4
LH:4
BRF:0
BRH:0
end_of_record
TN:
SF:server/auth.ts
FN:30,(anonymous_7)
FN:35,(anonymous_9)
FN:40,(anonymous_11)
FN:45,(anonymous_12)
FN:50,(anonymous_13)
FN:60,(anonymous_14)
FN:65,(anonymous_16)
FN:71,(anonymous_18)
FN:89,(anonymous_20)
FN:121,(anonymous_22)
FN:199,(anonymous_24)
FN:258,(anonymous_26)
FN:390,(anonymous_28)
FN:484,(anonymous_30)
FN:535,(anonymous_32)
FN:580,(anonymous_34)
FN:634,(anonymous_36)
FN:663,(anonymous_38)
FN:692,(anonymous_40)
FNF:19
FNH:0
FNDA:0,(anonymous_7)
FNDA:0,(anonymous_9)
FNDA:0,(anonymous_11)
FNDA:0,(anonymous_12)
FNDA:0,(anonymous_13)
FNDA:0,(anonymous_14)
FNDA:0,(anonymous_16)
FNDA:0,(anonymous_18)
FNDA:0,(anonymous_20)
FNDA:0,(anonymous_22)
FNDA:0,(anonymous_24)
FNDA:0,(anonymous_26)
FNDA:0,(anonymous_28)
FNDA:0,(anonymous_30)
FNDA:0,(anonymous_32)
FNDA:0,(anonymous_34)
FNDA:0,(anonymous_36)
FNDA:0,(anonymous_38)
FNDA:0,(anonymous_40)
DA:17,0
DA:18,0
DA:19,0
DA:20,0
DA:21,0
DA:24,0
DA:25,0
DA:31,0
DA:36,0
DA:41,0
DA:46,0
DA:51,0
DA:61,0
DA:66,0
DA:67,0
DA:78,0
DA:90,0
DA:91,0
DA:92,0
DA:95,0
DA:96,0
DA:97,0
DA:98,0
DA:99,0
DA:102,0
DA:109,0
DA:110,0
DA:112,0
DA:113,0
DA:114,0
DA:122,0
DA:124,0
DA:125,0
DA:128,0
DA:138,0
DA:139,0
DA:140,0
DA:147,0
DA:150,0
DA:153,0
DA:168,0
DA:171,0
DA:184,0
DA:190,0
DA:191,0
DA:200,0
DA:202,0
DA:203,0
DA:204,0
DA:211,0
DA:214,0
DA:217,0
DA:230,0
DA:243,0
DA:249,0
DA:250,0
DA:265,0
DA:266,0
DA:268,0
DA:270,0
DA:271,0
DA:272,0
DA:279,0
DA:280,0
DA:281,0
DA:283,0
DA:284,0
DA:285,0
DA:292,0
DA:293,0
DA:294,0
DA:301,0
DA:302,0
DA:303,0
DA:310,0
DA:311,0
DA:312,0
DA:314,0
DA:315,0
DA:317,0
DA:325,0
DA:337,0
DA:346,0
DA:347,0
DA:348,0
DA:349,0
DA:358,0
DA:364,0
DA:365,0
DA:368,0
DA:371,0
DA:373,0
DA:380,0
DA:381,0
DA:382,0
DA:397,0
DA:398,0
DA:400,0
DA:402,0
DA:403,0
DA:406,0
DA:407,0
DA:408,0
DA:415,0
DA:425,0
DA:426,0
DA:427,0
DA:428,0
DA:435,0
DA:436,0
DA:437,0
DA:444,0
DA:445,0
DA:446,0
DA:453,0
DA:459,0
DA:465,0
DA:467,0
DA:474,0
DA:475,0
DA:476,0
DA:485,0
DA:486,0
DA:487,0
DA:489,0
DA:496,0
DA:497,0
DA:500,0
DA:506,0
DA:521,0
DA:526,0
DA:527,0
DA:536,0
DA:537,0
DA:538,0
DA:539,0
DA:546,0
DA:549,0
DA:556,0
DA:566,0
DA:571,0
DA:572,0
DA:581,0
DA:582,0
DA:583,0
DA:584,0
DA:591,0
DA:594,0
DA:619,0
DA:625,0
DA:626,0
DA:635,0
DA:636,0
DA:637,0
DA:638,0
DA:644,0
DA:649,0
DA:654,0
DA:655,0
DA:664,0
DA:665,0
DA:666,0
DA:667,0
DA:670,0
DA:675,0
DA:680,0
DA:686,0
DA:687,0
DA:693,0
DA:694,0
DA:699,0
DA:701,0
DA:702,0
DA:707,0
LF:174
LH:0
BRDA:24,0,0,0
BRDA:24,0,1,0
BRDA:52,1,0,0
BRDA:52,1,1,0
BRDA:52,1,2,0
BRDA:52,1,3,0
BRDA:52,2,0,0
BRDA:52,2,1,0
BRDA:52,3,0,0
BRDA:52,3,1,0
BRDA:61,4,0,0
BRDA:61,4,1,0
BRDA:79,5,0,0
BRDA:79,5,1,0
BRDA:80,6,0,0
BRDA:80,6,1,0
BRDA:90,7,0,0
BRDA:90,7,1,0
BRDA:96,8,0,0
BRDA:96,8,1,0
BRDA:97,9,0,0
BRDA:97,9,1,0
BRDA:113,10,0,0
BRDA:113,10,1,0
BRDA:113,11,0,0
BRDA:113,11,1,0
BRDA:113,12,0,0
BRDA:113,12,1,0
BRDA:113,13,0,0
BRDA:113,13,1,0
BRDA:113,14,0,0
BRDA:113,14,1,0
BRDA:138,15,0,0
BRDA:138,15,1,0
BRDA:142,16,0,0
BRDA:142,16,1,0
BRDA:160,17,0,0
BRDA:160,17,1,0
BRDA:177,18,0,0
BRDA:177,18,1,0
BRDA:203,19,0,0
BRDA:203,19,1,0
BRDA:206,20,0,0
BRDA:206,20,1,0
BRDA:224,21,0,0
BRDA:224,21,1,0
BRDA:236,22,0,0
BRDA:236,22,1,0
BRDA:266,23,0,0
BRDA:266,23,1,0
BRDA:270,24,0,0
BRDA:270,24,1,0
BRDA:280,25,0,0
BRDA:280,25,1,0
BRDA:283,26,0,0
BRDA:283,26,1,0
BRDA:292,27,0,0
BRDA:292,27,1,0
BRDA:301,28,0,0
BRDA:301,28,1,0
BRDA:311,29,0,0
BRDA:311,29,1,0
BRDA:311,30,0,0
BRDA:311,30,1,0
BRDA:312,31,0,0
BRDA:312,31,1,0
BRDA:315,32,0,0
BRDA:315,32,1,0
BRDA:327,33,0,0
BRDA:327,33,1,0
BRDA:330,34,0,0
BRDA:330,34,1,0
BRDA:340,35,0,0
BRDA:340,35,1,0
BRDA:347,36,0,0
BRDA:347,36,1,0
BRDA:364,37,0,0
BRDA:364,37,1,0
BRDA:398,38,0,0
BRDA:398,38,1,0
BRDA:406,39,0,0
BRDA:406,39,1,0
BRDA:426,40,0,0
BRDA:426,40,1,0
BRDA:435,41,0,0
BRDA:435,41,1,0
BRDA:444,42,0,0
BRDA:444,42,1,0
BRDA:456,43,0,0
BRDA:456,43,1,0
BRDA:487,44,0,0
BRDA:487,44,1,0
BRDA:513,45,0,0
BRDA:513,45,1,0
BRDA:538,46,0,0
BRDA:538,46,1,0
BRDA:538,47,0,0
BRDA:538,47,1,0
BRDA:538,47,2,0
BRDA:583,48,0,0
BRDA:583,48,1,0
BRDA:599,49,0,0
BRDA:599,49,1,0
BRDA:610,50,0,0
BRDA:610,50,1,0
BRDA:637,51,0,0
BRDA:637,51,1,0
BRDA:666,52,0,0
BRDA:666,52,1,0
BRF:109
BRH:0
end_of_record
TN:
SF:server/authRoutes.ts
FN:21,setupAuthRoutes
FN:23,(anonymous_8)
FN:23,(anonymous_9)
FN:45,(anonymous_10)
FN:54,(anonymous_11)
FN:54,(anonymous_12)
FN:86,(anonymous_13)
FN:86,(anonymous_14)
FN:102,(anonymous_15)
FN:122,(anonymous_16)
FN:124,(anonymous_17)
FN:135,(anonymous_18)
FN:140,(anonymous_19)
FN:140,(anonymous_20)
FN:155,(anonymous_21)
FN:155,(anonymous_22)
FN:175,(anonymous_23)
FN:175,(anonymous_24)
FN:199,(anonymous_25)
FN:199,(anonymous_26)
FN:212,(anonymous_27)
FN:212,(anonymous_28)
FN:226,(anonymous_29)
FN:226,(anonymous_30)
FN:240,(anonymous_31)
FN:240,(anonymous_32)
FN:259,(anonymous_33)
FN:259,(anonymous_34)
FNF:28
FNH:0
FNDA:0,setupAuthRoutes
FNDA:0,(anonymous_8)
FNDA:0,(anonymous_9)
FNDA:0,(anonymous_10)
FNDA:0,(anonymous_11)
FNDA:0,(anonymous_12)
FNDA:0,(anonymous_13)
FNDA:0,(anonymous_14)
FNDA:0,(anonymous_15)
FNDA:0,(anonymous_16)
FNDA:0,(anonymous_17)
FNDA:0,(anonymous_18)
FNDA:0,(anonymous_19)
FNDA:0,(anonymous_20)
FNDA:0,(anonymous_21)
FNDA:0,(anonymous_22)
FNDA:0,(anonymous_23)
FNDA:0,(anonymous_24)
FNDA:0,(anonymous_25)
FNDA:0,(anonymous_26)
FNDA:0,(anonymous_27)
FNDA:0,(anonymous_28)
FNDA:0,(anonymous_29)
FNDA:0,(anonymous_30)
FNDA:0,(anonymous_31)
FNDA:0,(anonymous_32)
FNDA:0,(anonymous_33)
FNDA:0,(anonymous_34)
DA:23,0
DA:24,0
DA:25,0
DA:30,0
DA:31,0
DA:32,0
DA:34,0
DA:39,0
DA:41,0
DA:44,0
DA:45,0
DA:46,0
DA:49,0
DA:50,0
DA:54,0
DA:55,0
DA:56,0
DA:57,0
DA:58,0
DA:60,0
DA:61,0
DA:63,0
DA:64,0
DA:66,0
DA:69,0
DA:70,0
DA:71,0
DA:77,0
DA:86,0
DA:87,0
DA:88,0
DA:90,0
DA:91,0
DA:93,0
DA:95,0
DA:96,0
DA:97,0
DA:99,0
DA:102,0
DA:103,0
DA:104,0
DA:105,0
DA:107,0
DA:110,0
DA:113,0
DA:114,0
DA:122,0
DA:123,0
DA:124,0
DA:125,0
DA:126,0
DA:127,0
DA:129,0
DA:130,0
DA:135,0
DA:136,0
DA:140,0
DA:141,0
DA:142,0
DA:143,0
DA:144,0
DA:146,0
DA:147,0
DA:155,0
DA:156,0
DA:157,0
DA:158,0
DA:160,0
DA:161,0
DA:163,0
DA:166,0
DA:167,0
DA:175,0
DA:176,0
DA:177,0
DA:178,0
DA:179,0
DA:185,0
DA:187,0
DA:188,0
DA:190,0
DA:193,0
DA:194,0
DA:199,0
DA:200,0
DA:201,0
DA:202,0
DA:204,0
DA:212,0
DA:213,0
DA:214,0
DA:215,0
DA:217,0
DA:218,0
DA:226,0
DA:227,0
DA:228,0
DA:229,0
DA:231,0
DA:232,0
DA:240,0
DA:241,0
DA:242,0
DA:243,0
DA:244,0
DA:247,0
DA:248,0
DA:253,0
DA:254,0
DA:259,0
DA:260,0
DA:261,0
DA:262,0
DA:263,0
DA:266,0
DA:267,0
DA:272,0
DA:273,0
LF:118
LH:0
BRDA:24,0,0,0
BRDA:24,0,1,0
BRDA:24,1,0,0
BRDA:24,1,1,0
BRDA:24,2,0,0
BRDA:24,2,1,0
BRDA:30,3,0,0
BRDA:30,3,1,0
BRDA:44,4,0,0
BRDA:44,4,1,0
BRDA:44,5,0,0
BRDA:44,5,1,0
BRDA:63,6,0,0
BRDA:63,6,1,0
BRDA:70,7,0,0
BRDA:70,7,1,0
BRDA:70,8,0,0
BRDA:70,8,1,0
BRDA:70,9,0,0
BRDA:70,9,1,0
BRDA:93,10,0,0
BRDA:93,10,1,0
BRDA:93,11,0,0
BRDA:93,11,1,0
BRDA:96,12,0,0
BRDA:96,12,1,0
BRDA:103,13,0,0
BRDA:103,13,1,0
BRDA:123,14,0,0
BRDA:123,14,1,0
BRDA:123,15,0,0
BRDA:123,15,1,0
BRDA:123,16,0,0
BRDA:123,16,1,0
BRDA:123,17,0,0
BRDA:123,17,1,0
BRDA:125,18,0,0
BRDA:125,18,1,0
BRDA:160,19,0,0
BRDA:160,19,1,0
BRDA:178,20,0,0
BRDA:178,20,1,0
BRDA:178,21,0,0
BRDA:178,21,1,0
BRDA:187,22,0,0
BRDA:187,22,1,0
BRDA:243,23,0,0
BRDA:243,23,1,0
BRDA:250,24,0,0
BRDA:250,24,1,0
BRDA:262,25,0,0
BRDA:262,25,1,0
BRDA:269,26,0,0
BRDA:269,26,1,0
BRF:54
BRH:0
end_of_record
TN:
SF:server/db.ts
FN:9,getDatabaseUrl
FN:47,getDynamicDatabase
FN:64,extractDbEnv
FN:103,closeAllConnections
FN:105,(anonymous_4)
FNF:5
FNH:0
FNDA:0,getDatabaseUrl
FNDA:0,getDynamicDatabase
FNDA:0,extractDbEnv
FNDA:0,closeAllConnections
FNDA:0,(anonymous_4)
DA:6,0
DA:10,0
DA:12,0
DA:15,0
DA:18,0
DA:23,0
DA:24,0
DA:26,0
DA:27,0
DA:33,0
DA:35,0
DA:42,0
DA:45,0
DA:48,0
DA:49,0
DA:50,0
DA:56,0
DA:59,0
DA:60,0
DA:66,0
DA:69,0
DA:73,0
DA:74,0
DA:79,0
DA:80,0
DA:81,0
DA:85,0
DA:86,0
DA:87,0
DA:91,0
DA:92,0
DA:94,0
DA:95,0
DA:99,0
DA:104,0
DA:105,0
DA:106,0
DA:108,0
DA:111,0
DA:112,0
LF:40
LH:0
BRDA:10,0,0,0
BRDA:10,0,1,0
BRDA:10,0,2,0
BRDA:10,0,3,0
BRDA:10,0,4,0
BRDA:12,1,0,0
BRDA:12,1,1,0
BRDA:15,2,0,0
BRDA:15,2,1,0
BRDA:26,3,0,0
BRDA:26,3,1,0
BRDA:47,4,0,0
BRDA:48,5,0,0
BRDA:48,5,1,0
BRDA:66,6,0,0
BRDA:66,6,1,0
BRDA:66,7,0,0
BRDA:66,7,1,0
BRDA:66,8,0,0
BRDA:66,8,1,0
BRDA:66,9,0,0
BRDA:66,9,1,0
BRDA:69,10,0,0
BRDA:69,10,1,0
BRDA:69,10,2,0
BRDA:73,11,0,0
BRDA:73,11,1,0
BRDA:79,12,0,0
BRDA:79,12,1,0
BRDA:79,13,0,0
BRDA:79,13,1,0
BRDA:79,14,0,0
BRDA:79,14,1,0
BRDA:79,15,0,0
BRDA:79,15,1,0
BRDA:85,16,0,0
BRDA:85,16,1,0
BRDA:85,17,0,0
BRDA:85,17,1,0
BRDA:91,18,0,0
BRDA:91,18,1,0
BRDA:94,19,0,0
BRDA:94,19,1,0
BRF:43
BRH:0
end_of_record
TN:
SF:server/dbMiddleware.ts
FN:13,(anonymous_0)
FN:62,(anonymous_1)
FN:69,(anonymous_2)
FNF:3
FNH:0
FNDA:0,(anonymous_0)
FNDA:0,(anonymous_1)
FNDA:0,(anonymous_2)
DA:13,0
DA:15,0
DA:19,0
DA:21,0
DA:22,0
DA:23,0
DA:24,0
DA:25,0
DA:26,0
DA:30,0
DA:31,0
DA:32,0
DA:33,0
DA:34,0
DA:35,0
DA:36,0
DA:37,0
DA:41,0
DA:43,0
DA:44,0
DA:45,0
DA:46,0
DA:47,0
DA:50,0
DA:51,0
DA:52,0
DA:53,0
DA:56,0
DA:62,0
DA:63,0
DA:69,0
DA:71,0
DA:75,0
DA:77,0
DA:78,0
DA:79,0
DA:80,0
DA:81,0
DA:82,0
DA:86,0
DA:88,0
DA:90,0
DA:93,0
DA:94,0
DA:95,0
DA:96,0
DA:97,0
LF:47
LH:0
BRDA:15,0,0,0
BRDA:15,0,1,0
BRDA:15,0,2,0
BRDA:15,1,0,0
BRDA:15,1,1,0
BRDA:15,2,0,0
BRDA:15,2,1,0
BRDA:16,3,0,0
BRDA:16,3,1,0
BRDA:16,4,0,0
BRDA:16,4,1,0
BRDA:19,5,0,0
BRDA:19,5,1,0
BRDA:30,6,0,0
BRDA:30,6,1,0
BRDA:30,7,0,0
BRDA:30,7,1,0
BRDA:31,8,0,0
BRDA:31,8,1,0
BRDA:31,9,0,0
BRDA:31,9,1,0
BRDA:43,10,0,0
BRDA:43,10,1,0
BRDA:43,11,0,0
BRDA:43,11,1,0
BRDA:63,12,0,0
BRDA:63,12,1,0
BRDA:71,13,0,0
BRDA:71,13,1,0
BRDA:71,13,2,0
BRDA:71,14,0,0
BRDA:71,14,1,0
BRDA:71,15,0,0
BRDA:71,15,1,0
BRDA:72,16,0,0
BRDA:72,16,1,0
BRDA:72,17,0,0
BRDA:72,17,1,0
BRDA:75,18,0,0
BRDA:75,18,1,0
BRDA:88,19,0,0
BRDA:88,19,1,0
BRDA:88,20,0,0
BRDA:88,20,1,0
BRDA:88,21,0,0
BRDA:88,21,1,0
BRF:46
BRH:0
end_of_record
TN:
SF:server/emailService.ts
FN:43,(anonymous_7)
FN:48,(anonymous_8)
FN:151,(anonymous_10)
FN:261,(anonymous_12)
FNF:4
FNH:0
FNDA:0,(anonymous_7)
FNDA:0,(anonymous_8)
FNDA:0,(anonymous_10)
FNDA:0,(anonymous_12)
DA:3,0
DA:4,0
DA:7,0
DA:8,0
DA:11,0
DA:12,0
DA:45,0
DA:49,0
DA:50,0
DA:52,0
DA:111,0
DA:135,0
DA:143,0
DA:144,0
DA:146,0
DA:147,0
DA:152,0
DA:153,0
DA:155,0
DA:221,0
DA:243,0
DA:251,0
DA:253,0
DA:254,0
DA:255,0
DA:257,0
DA:262,0
DA:263,0
DA:264,0
DA:267,0
DA:331,0
DA:381,0
DA:386,0
DA:388,0
DA:389,0
DA:394,0
LF:36
LH:0
BRDA:3,0,0,0
BRDA:3,0,1,0
BRDA:7,1,0,0
BRDA:7,1,1,0
BRDA:45,2,0,0
BRDA:45,2,1,0
BRDA:254,3,0,0
BRDA:254,3,1,0
BRDA:254,4,0,0
BRDA:254,4,1,0
BRDA:254,5,0,0
BRDA:254,5,1,0
BRDA:254,6,0,0
BRDA:254,6,1,0
BRDA:254,7,0,0
BRDA:254,7,1,0
BRDA:269,8,0,0
BRDA:269,8,1,0
BRDA:322,9,0,0
BRDA:322,9,1,0
BRDA:333,10,0,0
BRDA:333,10,1,0
BRF:22
BRH:0
end_of_record
TN:
SF:server/index.ts
FN:9,(anonymous_7)
FN:15,(anonymous_8)
FN:20,(anonymous_9)
FN:39,(anonymous_10)
FN:39,(anonymous_11)
FN:42,(anonymous_12)
FN:67,(anonymous_13)
FNF:7
FNH:0
FNDA:0,(anonymous_7)
FNDA:0,(anonymous_8)
FNDA:0,(anonymous_9)
FNDA:0,(anonymous_10)
FNDA:0,(anonymous_11)
FNDA:0,(anonymous_12)
FNDA:0,(anonymous_13)
DA:5,0
DA:6,0
DA:7,0
DA:9,0
DA:10,0
DA:11,0
DA:12,0
DA:14,0
DA:15,0
DA:16,0
DA:17,0
DA:20,0
DA:21,0
DA:22,0
DA:23,0
DA:24,0
DA:25,0
DA:28,0
DA:29,0
DA:32,0
DA:36,0
DA:39,0
DA:40,0
DA:42,0
DA:43,0
DA:44,0
DA:46,0
DA:47,0
DA:53,0
DA:54,0
DA:56,0
DA:62,0
DA:63,0
DA:68,0
LF:34
LH:0
BRDA:22,0,0,0
BRDA:22,0,1,0
BRDA:24,1,0,0
BRDA:24,1,1,0
BRDA:28,2,0,0
BRDA:28,2,1,0
BRDA:43,3,0,0
BRDA:43,3,1,0
BRDA:43,3,2,0
BRDA:44,4,0,0
BRDA:44,4,1,0
BRDA:53,5,0,0
BRDA:53,5,1,0
BRF:13
BRH:0
end_of_record
TN:
SF:server/regenerateWellsFargo.ts
FN:4,regenerateFormFields
FN:9,(anonymous_9)
FNF:2
FNH:0
FNDA:0,regenerateFormFields
FNDA:0,(anonymous_9)
DA:5,0
DA:6,0
DA:7,0
DA:9,0
DA:11,0
DA:12,0
DA:13,0
DA:20,0
DA:35,0
DA:36,0
DA:38,0
DA:39,0
DA:43,0
LF:13
LH:0
BRDA:26,0,0,0
BRDA:26,0,1,0
BRDA:27,1,0,0
BRDA:27,1,1,0
BRDA:28,2,0,0
BRDA:28,2,1,0
BRF:6
BRH:0
end_of_record
TN:
SF:server/wellsFargoMPA.ts
FN:25,getWellsFargoMPAForm
FNF:1
FNH:0
FNDA:0,getWellsFargoMPAForm
DA:26,0
LF:1
LH:0
BRF:0
BRH:0
end_of_record
TN:
SF:server/routes/testing.ts
FN:10,(anonymous_7)
FN:10,(anonymous_8)
FN:26,(anonymous_9)
FN:40,(anonymous_10)
FN:41,(anonymous_11)
FN:58,(anonymous_12)
FN:87,(anonymous_13)
FN:94,(anonymous_14)
FN:116,(anonymous_15)
FN:143,(anonymous_16)
FN:147,(anonymous_17)
FN:178,(anonymous_18)
FN:184,(anonymous_19)
FN:192,(anonymous_20)
FN:192,(anonymous_21)
FNF:15
FNH:0
FNDA:0,(anonymous_7)
FNDA:0,(anonymous_8)
FNDA:0,(anonymous_9)
FNDA:0,(anonymous_10)
FNDA:0,(anonymous_11)
FNDA:0,(anonymous_12)
FNDA:0,(anonymous_13)
FNDA:0,(anonymous_14)
FNDA:0,(anonymous_15)
FNDA:0,(anonymous_16)
FNDA:0,(anonymous_17)
FNDA:0,(anonymous_18)
FNDA:0,(anonymous_19)
FNDA:0,(anonymous_20)
FNDA:0,(anonymous_21)
DA:7,0
DA:10,0
DA:11,0
DA:12,0
DA:15,0
DA:23,0
DA:24,0
DA:25,0
DA:26,0
DA:28,0
DA:29,0
DA:30,0
DA:33,0
DA:34,0
DA:36,0
DA:40,0
DA:41,0
DA:46,0
DA:50,0
DA:52,0
DA:53,0
DA:58,0
DA:59,0
DA:62,0
DA:70,0
DA:71,0
DA:72,0
DA:74,0
DA:75,0
DA:77,0
DA:79,0
DA:85,0
DA:87,0
DA:88,0
DA:89,0
DA:92,0
DA:94,0
DA:95,0
DA:96,0
DA:98,0
DA:101,0
DA:112,0
DA:116,0
DA:117,0
DA:118,0
DA:121,0
DA:139,0
DA:143,0
DA:144,0
DA:146,0
DA:147,0
DA:149,0
DA:150,0
DA:151,0
DA:158,0
DA:166,0
DA:174,0
DA:178,0
DA:179,0
DA:180,0
DA:184,0
DA:185,0
DA:186,0
DA:192,0
DA:193,0
DA:194,0
DA:195,0
DA:196,0
DA:197,0
DA:200,0
DA:201,0
DA:203,0
DA:206,0
DA:207,0
DA:208,0
DA:209,0
DA:210,0
DA:212,0
DA:216,0
DA:217,0
LF:80
LH:0
BRDA:26,0,0,0
BRDA:26,0,1,0
BRDA:40,1,0,0
BRDA:40,1,1,0
BRDA:40,2,0,0
BRDA:40,2,1,0
BRDA:40,3,0,0
BRDA:40,3,1,0
BRDA:40,4,0,0
BRDA:40,4,1,0
BRDA:40,5,0,0
BRDA:40,5,1,0
BRDA:41,6,0,0
BRDA:41,6,1,0
BRDA:41,7,0,0
BRDA:41,7,1,0
BRDA:41,8,0,0
BRDA:41,8,1,0
BRDA:41,9,0,0
BRDA:41,9,1,0
BRDA:41,10,0,0
BRDA:41,10,1,0
BRDA:42,11,0,0
BRDA:42,11,1,0
BRDA:42,12,0,0
BRDA:42,12,1,0
BRDA:42,13,0,0
BRDA:42,13,1,0
BRDA:71,14,0,0
BRDA:71,14,1,0
BRDA:71,15,0,0
BRDA:71,15,1,0
BRDA:74,16,0,0
BRDA:74,16,1,0
BRDA:94,17,0,0
BRDA:94,17,1,0
BRDA:94,18,0,0
BRDA:94,18,1,0
BRDA:101,19,0,0
BRDA:101,19,1,0
BRDA:101,20,0,0
BRDA:101,20,1,0
BRDA:101,20,2,0
BRDA:101,20,3,0
BRDA:101,20,4,0
BRDA:101,20,5,0
BRDA:101,20,6,0
BRDA:101,20,7,0
BRDA:101,20,8,0
BRDA:116,21,0,0
BRDA:116,21,1,0
BRDA:116,22,0,0
BRDA:116,22,1,0
BRDA:121,23,0,0
BRDA:121,23,1,0
BRDA:121,24,0,0
BRDA:121,24,1,0
BRDA:121,24,2,0
BRDA:121,24,3,0
BRDA:121,24,4,0
BRDA:121,24,5,0
BRDA:121,24,6,0
BRDA:121,24,7,0
BRDA:121,24,8,0
BRDA:121,24,9,0
BRDA:121,24,10,0
BRDA:121,24,11,0
BRDA:121,24,12,0
BRDA:121,24,13,0
BRDA:121,24,14,0
BRDA:121,24,15,0
BRDA:147,25,0,0
BRDA:147,25,1,0
BRDA:149,26,0,0
BRDA:149,26,1,0
BRDA:161,27,0,0
BRDA:161,27,1,0
BRDA:179,28,0,0
BRDA:179,28,1,0
BRDA:179,29,0,0
BRDA:179,29,1,0
BRDA:185,30,0,0
BRDA:185,30,1,0
BRDA:185,31,0,0
BRDA:185,31,1,0
BRF:85
BRH:0
end_of_record
TN:
SF:shared/schema.ts
FN:7,(anonymous_0)
FN:21,(anonymous_1)
FN:34,(anonymous_2)
FN:53,(anonymous_3)
FN:69,(anonymous_4)
FN:123,(anonymous_5)
FN:134,(anonymous_6)
FN:246,(anonymous_7)
FN:262,(anonymous_8)
FN:274,(anonymous_9)
FN:297,(anonymous_10)
FN:345,(anonymous_11)
FN:359,(anonymous_12)
FN:360,(anonymous_13)
FN:402,(anonymous_14)
FN:413,(anonymous_15)
FN:428,(anonymous_16)
FN:429,(anonymous_17)
FN:488,(anonymous_18)
FN:489,(anonymous_19)
FN:534,(anonymous_20)
FN:542,(anonymous_21)
FN:549,(anonymous_22)
FN:550,(anonymous_23)
FN:561,(anonymous_24)
FN:579,(anonymous_25)
FN:580,(anonymous_26)
FN:584,(anonymous_27)
FN:607,(anonymous_28)
FN:608,(anonymous_29)
FN:612,(anonymous_30)
FN:621,(anonymous_31)
FN:627,(anonymous_32)
FN:635,(anonymous_33)
FN:636,(anonymous_34)
FN:641,(anonymous_35)
FN:648,(anonymous_36)
FN:649,(anonymous_37)
FN:651,(anonymous_38)
FN:807,(anonymous_39)
FN:820,(anonymous_40)
FN:845,(anonymous_41)
FN:855,(anonymous_42)
FN:872,(anonymous_43)
FN:918,(anonymous_44)
FN:931,(anonymous_45)
FN:942,(anonymous_46)
FNF:47
FNH:0
FNDA:0,(anonymous_0)
FNDA:0,(anonymous_1)
FNDA:0,(anonymous_2)
FNDA:0,(anonymous_3)
FNDA:0,(anonymous_4)
FNDA:0,(anonymous_5)
FNDA:0,(anonymous_6)
FNDA:0,(anonymous_7)
FNDA:0,(anonymous_8)
FNDA:0,(anonymous_9)
FNDA:0,(anonymous_10)
FNDA:0,(anonymous_11)
FNDA:0,(anonymous_12)
FNDA:0,(anonymous_13)
FNDA:0,(anonymous_14)
FNDA:0,(anonymous_15)
FNDA:0,(anonymous_16)
FNDA:0,(anonymous_17)
FNDA:0,(anonymous_18)
FNDA:0,(anonymous_19)
FNDA:0,(anonymous_20)
FNDA:0,(anonymous_21)
FNDA:0,(anonymous_22)
FNDA:0,(anonymous_23)
FNDA:0,(anonymous_24)
FNDA:0,(anonymous_25)
FNDA:0,(anonymous_26)
FNDA:0,(anonymous_27)
FNDA:0,(anonymous_28)
FNDA:0,(anonymous_29)
FNDA:0,(anonymous_30)
FNDA:0,(anonymous_31)
FNDA:0,(anonymous_32)
FNDA:0,(anonymous_33)
FNDA:0,(anonymous_34)
FNDA:0,(anonymous_35)
FNDA:0,(anonymous_36)
FNDA:0,(anonymous_37)
FNDA:0,(anonymous_38)
FNDA:0,(anonymous_39)
FNDA:0,(anonymous_40)
FNDA:0,(anonymous_41)
FNDA:0,(anonymous_42)
FNDA:0,(anonymous_43)
FNDA:0,(anonymous_44)
FNDA:0,(anonymous_45)
FNDA:0,(anonymous_46)
DA:1,2
DA:2,2
DA:3,2
DA:5,2
DA:7,0
DA:19,2
DA:21,0
DA:32,2
DA:34,0
DA:51,2
DA:53,0
DA:64,2
DA:69,0
DA:81,2
DA:95,2
DA:104,2
DA:121,2
DA:123,0
DA:134,0
DA:139,2
DA:144,2
DA:149,2
DA:154,2
DA:159,2
DA:164,2
DA:207,2
DA:232,2
DA:244,2
DA:246,0
DA:255,2
DA:262,0
DA:266,2
DA:274,0
DA:280,2
DA:288,2
DA:293,2
DA:297,0
DA:303,2
DA:308,2
DA:325,2
DA:337,2
DA:343,2
DA:345,0
DA:357,2
DA:359,0
DA:360,0
DA:367,2
DA:369,2
DA:377,2
DA:384,2
DA:395,2
DA:402,0
DA:411,2
DA:413,0
DA:426,2
DA:428,0
DA:429,0
DA:440,2
DA:446,2
DA:451,2
DA:470,2
DA:486,2
DA:488,0
DA:489,0
DA:503,2
DA:520,2
DA:532,2
DA:534,0
DA:542,0
DA:547,2
DA:549,0
DA:550,0
DA:561,0
DA:566,2
DA:577,2
DA:579,0
DA:580,0
DA:584,0
DA:589,2
DA:605,2
DA:607,0
DA:608,0
DA:612,0
DA:617,2
DA:621,0
DA:627,0
DA:633,2
DA:635,0
DA:636,0
DA:641,0
DA:646,2
DA:648,0
DA:649,0
DA:651,0
DA:657,2
DA:663,2
DA:669,2
DA:675,2
DA:681,2
DA:686,2
DA:692,2
DA:698,2
DA:703,2
DA:709,2
DA:768,2
DA:807,0
DA:818,2
DA:820,0
DA:845,0
DA:853,2
DA:855,0
DA:872,0
DA:881,2
DA:882,2
DA:883,2
DA:902,2
DA:916,2
DA:918,0
DA:931,0
DA:938,2
DA:942,0
DA:951,2
DA:952,2
DA:953,2
LF:124
LH:77
BRF:0
BRH:0
end_of_record
